{"meta": {"format": 3, "version": "7.13.5", "timestamp": "2026-04-16T23:59:26.059055", "branch_coverage": true, "show_contexts": false}, "files": {"app/__init__.py": {"executed_lines": [5, 7], "summary": {"covered_lines": 2, "num_statements": 2, "percent_covered": 100.0, "percent_covered_display": "100.00", "missing_lines": 0, "excluded_lines": 0, "percent_statements_covered": 100.0, "percent_statements_covered_display": "100.00", "num_branches": 0, "num_partial_branches": 0, "covered_branches": 0, "missing_branches": 0, "percent_branches_covered": 100.0, "percent_branches_covered_display": "100.00"}, "missing_lines": [], "excluded_lines": [], "executed_branches": [], "missing_branches": [], "functions": {"": {"executed_lines": [5, 7], "summary": {"covered_lines": 2, "num_statements": 2, "percent_covered": 100.0, "percent_covered_display": "100.00", "missing_lines": 0, "excluded_lines": 0, "percent_statements_covered": 100.0, "percent_statements_covered_display": "100.00", "num_branches": 0, "num_partial_branches": 0, "covered_branches": 0, "missing_branches": 0, "percent_branches_covered": 100.0, "percent_branches_covered_display": "100.00"}, "missing_lines": [], "excluded_lines": [], "start_line": 1, "executed_branches": [], "missing_branches": []}}, "classes": {"": {"executed_lines": [5, 7], "summary": {"covered_lines": 2, "num_statements": 2, "percent_covered": 100.0, "percent_covered_display": "100.00", "missing_lines": 0, "excluded_lines": 0, "percent_statements_covered": 100.0, "percent_statements_covered_display": "100.00", "num_branches": 0, "num_partial_branches": 0, "covered_branches": 0, "missing_branches": 0, "percent_branches_covered": 100.0, "percent_branches_covered_display": "100.00"}, "missing_lines": [], "excluded_lines": [], "start_line": 1, "executed_branches": [], "missing_branches": []}}}, "app/ai/__init__.py": {"executed_lines": [7, 8, 15, 17], "summary": {"covered_lines": 4, "num_statements": 4, "percent_covered": 100.0, "percent_covered_display": "100.00", "missing_lines": 0, "excluded_lines": 0, "percent_statements_covered": 100.0, "percent_statements_covered_display": "100.00", "num_branches": 0, "num_partial_branches": 0, "covered_branches": 0, "missing_branches": 0, "percent_branches_covered": 100.0, "percent_branches_covered_display": "100.00"}, "missing_lines": [], "excluded_lines": [], "executed_branches": [], "missing_branches": [], "functions": {"": {"executed_lines": [7, 8, 15, 17], "summary": {"covered_lines": 4, "num_statements": 4, "percent_covered": 100.0, "percent_covered_display": "100.00", "missing_lines": 0, "excluded_lines": 0, "percent_statements_covered": 100.0, "percent_statements_covered_display": "100.00", "num_branches": 0, "num_partial_branches": 0, "covered_branches": 0, "missing_branches": 0, "percent_branches_covered": 100.0, "percent_branches_covered_display": "100.00"}, "missing_lines": [], "excluded_lines": [], "start_line": 1, "executed_branches": [], "missing_branches": []}}, "classes": {"": {"executed_lines": [7, 8, 15, 17], "summary": {"covered_lines": 4, "num_statements": 4, "percent_covered": 100.0, "percent_covered_display": "100.00", "missing_lines": 0, "excluded_lines": 0, "percent_statements_covered": 100.0, "percent_statements_covered_display": "100.00", "num_branches": 0, "num_partial_branches": 0, "covered_branches": 0, "missing_branches": 0, "percent_branches_covered": 100.0, "percent_branches_covered_display": "100.00"}, "missing_lines": [], "excluded_lines": [], "start_line": 1, "executed_branches": [], "missing_branches": []}}}, "app/ai/base.py": {"executed_lines": [7, 8, 10, 13, 16, 17, 19, 20, 22, 23, 25, 26, 28, 29, 32, 35, 36, 38, 39, 41, 42, 44, 45, 48, 55, 75, 88, 99, 123, 124, 131, 132], "summary": {"covered_lines": 32, "num_statements": 41, "percent_covered": 78.04878048780488, "percent_covered_display": "78.05", "missing_lines": 9, "excluded_lines": 0, "percent_statements_covered": 78.04878048780488, "percent_statements_covered_display": "78.05", "num_branches": 0, "num_partial_branches": 0, "covered_branches": 0, "missing_branches": 0, "percent_branches_covered": 100.0, "percent_branches_covered_display": "100.00"}, "missing_lines": [73, 85, 117, 118, 119, 120, 121, 129, 134], "excluded_lines": [], "executed_branches": [], "missing_branches": [], "functions": {"AIProviderProtocol.analyze": {"executed_lines": [], "summary": {"covered_lines": 0, "num_statements": 1, "percent_covered": 0.0, "percent_covered_display": "0.00", "missing_lines": 1, "excluded_lines": 0, "percent_statements_covered": 0.0, "percent_statements_covered_display": "0.00", "num_branches": 0, "num_partial_branches": 0, "covered_branches": 0, "missing_branches": 0, "percent_branches_covered": 100.0, "percent_branches_covered_display": "100.00"}, "missing_lines": [73], "excluded_lines": [], "start_line": 55, "executed_branches": [], "missing_branches": []}, "AIProviderProtocol.test_connection": {"executed_lines": [], "summary": {"covered_lines": 0, "num_statements": 1, "percent_covered": 0.0, "percent_covered_display": "0.00", "missing_lines": 1, "excluded_lines": 0, "percent_statements_covered": 0.0, "percent_statements_covered_display": "0.00", "num_branches": 0, "num_partial_branches": 0, "covered_branches": 0, "missing_branches": 0, "percent_branches_covered": 100.0, "percent_branches_covered_display": "100.00"}, "missing_lines": [85], "excluded_lines": [], "start_line": 75, "executed_branches": [], "missing_branches": []}, "BaseAIProvider.__init__": {"executed_lines": [], "summary": {"covered_lines": 0, "num_statements": 5, "percent_covered": 0.0, "percent_covered_display": "0.00", "missing_lines": 5, "excluded_lines": 0, "percent_statements_covered": 0.0, "percent_statements_covered_display": "0.00", "num_branches": 0, "num_partial_branches": 0, "covered_branches": 0, "missing_branches": 0, "percent_branches_covered": 100.0, "percent_branches_covered_display": "100.00"}, "missing_lines": [117, 118, 119, 120, 121], "excluded_lines": [], "start_line": 99, "executed_branches": [], "missing_branches": []}, "BaseAIProvider.analyze": {"executed_lines": [], "summary": {"covered_lines": 0, "num_statements": 1, "percent_covered": 0.0, "percent_covered_display": "0.00", "missing_lines": 1, "excluded_lines": 0, "percent_statements_covered": 0.0, "percent_statements_covered_display": "0.00", "num_branches": 0, "num_partial_branches": 0, "covered_branches": 0, "missing_branches": 0, "percent_branches_covered": 100.0, "percent_branches_covered_display": "100.00"}, "missing_lines": [129], "excluded_lines": [], "start_line": 124, "executed_branches": [], "missing_branches": []}, "BaseAIProvider.test_connection": {"executed_lines": [], "summary": {"covered_lines": 0, "num_statements": 1, "percent_covered": 0.0, "percent_covered_display": "0.00", "missing_lines": 1, "excluded_lines": 0, "percent_statements_covered": 0.0, "percent_statements_covered_display": "0.00", "num_branches": 0, "num_partial_branches": 0, "covered_branches": 0, "missing_branches": 0, "percent_branches_covered": 100.0, "percent_branches_covered_display": "100.00"}, "missing_lines": [134], "excluded_lines": [], "start_line": 132, "executed_branches": [], "missing_branches": []}, "": {"executed_lines": [7, 8, 10, 13, 16, 17, 19, 20, 22, 23, 25, 26, 28, 29, 32, 35, 36, 38, 39, 41, 42, 44, 45, 48, 55, 75, 88, 99, 123, 124, 131, 132], "summary": {"covered_lines": 32, "num_statements": 32, "percent_covered": 100.0, "percent_covered_display": "100.00", "missing_lines": 0, "excluded_lines": 0, "percent_statements_covered": 100.0, "percent_statements_covered_display": "100.00", "num_branches": 0, "num_partial_branches": 0, "covered_branches": 0, "missing_branches": 0, "percent_branches_covered": 100.0, "percent_branches_covered_display": "100.00"}, "missing_lines": [], "excluded_lines": [], "start_line": 1, "executed_branches": [], "missing_branches": []}}, "classes": {"AIAnalysisRequest": {"executed_lines": [], "summary": {"covered_lines": 0, "num_statements": 0, "percent_covered": 100.0, "percent_covered_display": "100.00", "missing_lines": 0, "excluded_lines": 0, "percent_statements_covered": 100.0, "percent_statements_covered_display": "100.00", "num_branches": 0, "num_partial_branches": 0, "covered_branches": 0, "missing_branches": 0, "percent_branches_covered": 100.0, "percent_branches_covered_display": "100.00"}, "missing_lines": [], "excluded_lines": [], "start_line": 13, "executed_branches": [], "missing_branches": []}, "AIAnalysisResponse": {"executed_lines": [], "summary": {"covered_lines": 0, "num_statements": 0, "percent_covered": 100.0, "percent_covered_display": "100.00", "missing_lines": 0, "excluded_lines": 0, "percent_statements_covered": 100.0, "percent_statements_covered_display": "100.00", "num_branches": 0, "num_partial_branches": 0, "covered_branches": 0, "missing_branches": 0, "percent_branches_covered": 100.0, "percent_branches_covered_display": "100.00"}, "missing_lines": [], "excluded_lines": [], "start_line": 32, "executed_branches": [], "missing_branches": []}, "AIProviderProtocol": {"executed_lines": [], "summary": {"covered_lines": 0, "num_statements": 2, "percent_covered": 0.0, "percent_covered_display": "0.00", "missing_lines": 2, "excluded_lines": 0, "percent_statements_covered": 0.0, "percent_statements_covered_display": "0.00", "num_branches": 0, "num_partial_branches": 0, "covered_branches": 0, "missing_branches": 0, "percent_branches_covered": 100.0, "percent_branches_covered_display": "100.00"}, "missing_lines": [73, 85], "excluded_lines": [], "start_line": 48, "executed_branches": [], "missing_branches": []}, "BaseAIProvider": {"executed_lines": [], "summary": {"covered_lines": 0, "num_statements": 7, "percent_covered": 0.0, "percent_covered_display": "0.00", "missing_lines": 7, "excluded_lines": 0, "percent_statements_covered": 0.0, "percent_statements_covered_display": "0.00", "num_branches": 0, "num_partial_branches": 0, "covered_branches": 0, "missing_branches": 0, "percent_branches_covered": 100.0, "percent_branches_covered_display": "100.00"}, "missing_lines": [117, 118, 119, 120, 121, 129, 134], "excluded_lines": [], "start_line": 88, "executed_branches": [], "missing_branches": []}, "": {"executed_lines": [7, 8, 10, 13, 16, 17, 19, 20, 22, 23, 25, 26, 28, 29, 32, 35, 36, 38, 39, 41, 42, 44, 45, 48, 55, 75, 88, 99, 123, 124, 131, 132], "summary": {"covered_lines": 32, "num_statements": 32, "percent_covered": 100.0, "percent_covered_display": "100.00", "missing_lines": 0, "excluded_lines": 0, "percent_statements_covered": 100.0, "percent_statements_covered_display": "100.00", "num_branches": 0, "num_partial_branches": 0, "covered_branches": 0, "missing_branches": 0, "percent_branches_covered": 100.0, "percent_branches_covered_display": "100.00"}, "missing_lines": [], "excluded_lines": [], "start_line": 1, "executed_branches": [], "missing_branches": []}}}, "app/ai/claude_provider.py": {"executed_lines": [], "summary": {"covered_lines": 0, "num_statements": 0, "percent_covered": 100.0, "percent_covered_display": "100.00", "missing_lines": 0, "excluded_lines": 0, "percent_statements_covered": 100.0, "percent_statements_covered_display": "100.00", "num_branches": 0, "num_partial_branches": 0, "covered_branches": 0, "missing_branches": 0, "percent_branches_covered": 100.0, "percent_branches_covered_display": "100.00"}, "missing_lines": [], "excluded_lines": [], "executed_branches": [], "missing_branches": [], "functions": {"": {"executed_lines": [], "summary": {"covered_lines": 0, "num_statements": 0, "percent_covered": 100.0, "percent_covered_display": "100.00", "missing_lines": 0, "excluded_lines": 0, "percent_statements_covered": 100.0, "percent_statements_covered_display": "100.00", "num_branches": 0, "num_partial_branches": 0, "covered_branches": 0, "missing_branches": 0, "percent_branches_covered": 100.0, "percent_branches_covered_display": "100.00"}, "missing_lines": [], "excluded_lines": [], "start_line": 1, "executed_branches": [], "missing_branches": []}}, "classes": {"": {"executed_lines": [], "summary": {"covered_lines": 0, "num_statements": 0, "percent_covered": 100.0, "percent_covered_display": "100.00", "missing_lines": 0, "excluded_lines": 0, "percent_statements_covered": 100.0, "percent_statements_covered_display": "100.00", "num_branches": 0, "num_partial_branches": 0, "covered_branches": 0, "missing_branches": 0, "percent_branches_covered": 100.0, "percent_branches_covered_display": "100.00"}, "missing_lines": [], "excluded_lines": [], "start_line": 1, "executed_branches": [], "missing_branches": []}}}, "app/ai/exceptions.py": {"executed_lines": [7, 10, 13, 16, 19, 22, 25, 28, 31, 34, 37, 40, 43], "summary": {"covered_lines": 13, "num_statements": 13, "percent_covered": 100.0, "percent_covered_display": "100.00", "missing_lines": 0, "excluded_lines": 0, "percent_statements_covered": 100.0, "percent_statements_covered_display": "100.00", "num_branches": 0, "num_partial_branches": 0, "covered_branches": 0, "missing_branches": 0, "percent_branches_covered": 100.0, "percent_branches_covered_display": "100.00"}, "missing_lines": [], "excluded_lines": [], "executed_branches": [], "missing_branches": [], "functions": {"": {"executed_lines": [7, 10, 13, 16, 19, 22, 25, 28, 31, 34, 37, 40, 43], "summary": {"covered_lines": 13, "num_statements": 13, "percent_covered": 100.0, "percent_covered_display": "100.00", "missing_lines": 0, "excluded_lines": 0, "percent_statements_covered": 100.0, "percent_statements_covered_display": "100.00", "num_branches": 0, "num_partial_branches": 0, "covered_branches": 0, "missing_branches": 0, "percent_branches_covered": 100.0, "percent_branches_covered_display": "100.00"}, "missing_lines": [], "excluded_lines": [], "start_line": 1, "executed_branches": [], "missing_branches": []}}, "classes": {"AIError": {"executed_lines": [], "summary": {"covered_lines": 0, "num_statements": 0, "percent_covered": 100.0, "percent_covered_display": "100.00", "missing_lines": 0, "excluded_lines": 0, "percent_statements_covered": 100.0, "percent_statements_covered_display": "100.00", "num_branches": 0, "num_partial_branches": 0, "covered_branches": 0, "missing_branches": 0, "percent_branches_covered": 100.0, "percent_branches_covered_display": "100.00"}, "missing_lines": [], "excluded_lines": [], "start_line": 10, "executed_branches": [], "missing_branches": []}, "AIAPIError": {"executed_lines": [], "summary": {"covered_lines": 0, "num_statements": 0, "percent_covered": 100.0, "percent_covered_display": "100.00", "missing_lines": 0, "excluded_lines": 0, "percent_statements_covered": 100.0, "percent_statements_covered_display": "100.00", "num_branches": 0, "num_partial_branches": 0, "covered_branches": 0, "missing_branches": 0, "percent_branches_covered": 100.0, "percent_branches_covered_display": "100.00"}, "missing_lines": [], "excluded_lines": [], "start_line": 16, "executed_branches": [], "missing_branches": []}, "AITimeoutError": {"executed_lines": [], "summary": {"covered_lines": 0, "num_statements": 0, "percent_covered": 100.0, "percent_covered_display": "100.00", "missing_lines": 0, "excluded_lines": 0, "percent_statements_covered": 100.0, "percent_statements_covered_display": "100.00", "num_branches": 0, "num_partial_branches": 0, "covered_branches": 0, "missing_branches": 0, "percent_branches_covered": 100.0, "percent_branches_covered_display": "100.00"}, "missing_lines": [], "excluded_lines": [], "start_line": 22, "executed_branches": [], "missing_branches": []}, "AIRateLimitError": {"executed_lines": [], "summary": {"covered_lines": 0, "num_statements": 0, "percent_covered": 100.0, "percent_covered_display": "100.00", "missing_lines": 0, "excluded_lines": 0, "percent_statements_covered": 100.0, "percent_statements_covered_display": "100.00", "num_branches": 0, "num_partial_branches": 0, "covered_branches": 0, "missing_branches": 0, "percent_branches_covered": 100.0, "percent_branches_covered_display": "100.00"}, "missing_lines": [], "excluded_lines": [], "start_line": 28, "executed_branches": [], "missing_branches": []}, "AIConfigError": {"executed_lines": [], "summary": {"covered_lines": 0, "num_statements": 0, "percent_covered": 100.0, "percent_covered_display": "100.00", "missing_lines": 0, "excluded_lines": 0, "percent_statements_covered": 100.0, "percent_statements_covered_display": "100.00", "num_branches": 0, "num_partial_branches": 0, "covered_branches": 0, "missing_branches": 0, "percent_branches_covered": 100.0, "percent_branches_covered_display": "100.00"}, "missing_lines": [], "excluded_lines": [], "start_line": 34, "executed_branches": [], "missing_branches": []}, "AIModelNotFoundError": {"executed_lines": [], "summary": {"covered_lines": 0, "num_statements": 0, "percent_covered": 100.0, "percent_covered_display": "100.00", "missing_lines": 0, "excluded_lines": 0, "percent_statements_covered": 100.0, "percent_statements_covered_display": "100.00", "num_branches": 0, "num_partial_branches": 0, "covered_branches": 0, "missing_branches": 0, "percent_branches_covered": 100.0, "percent_branches_covered_display": "100.00"}, "missing_lines": [], "excluded_lines": [], "start_line": 40, "executed_branches": [], "missing_branches": []}, "": {"executed_lines": [7, 10, 13, 16, 19, 22, 25, 28, 31, 34, 37, 40, 43], "summary": {"covered_lines": 13, "num_statements": 13, "percent_covered": 100.0, "percent_covered_display": "100.00", "missing_lines": 0, "excluded_lines": 0, "percent_statements_covered": 100.0, "percent_statements_covered_display": "100.00", "num_branches": 0, "num_partial_branches": 0, "covered_branches": 0, "missing_branches": 0, "percent_branches_covered": 100.0, "percent_branches_covered_display": "100.00"}, "missing_lines": [], "excluded_lines": [], "start_line": 1, "executed_branches": [], "missing_branches": []}}}, "app/ai/openai_provider.py": {"executed_lines": [], "summary": {"covered_lines": 0, "num_statements": 0, "percent_covered": 100.0, "percent_covered_display": "100.00", "missing_lines": 0, "excluded_lines": 0, "percent_statements_covered": 100.0, "percent_statements_covered_display": "100.00", "num_branches": 0, "num_partial_branches": 0, "covered_branches": 0, "missing_branches": 0, "percent_branches_covered": 100.0, "percent_branches_covered_display": "100.00"}, "missing_lines": [], "excluded_lines": [], "executed_branches": [], "missing_branches": [], "functions": {"": {"executed_lines": [], "summary": {"covered_lines": 0, "num_statements": 0, "percent_covered": 100.0, "percent_covered_display": "100.00", "missing_lines": 0, "excluded_lines": 0, "percent_statements_covered": 100.0, "percent_statements_covered_display": "100.00", "num_branches": 0, "num_partial_branches": 0, "covered_branches": 0, "missing_branches": 0, "percent_branches_covered": 100.0, "percent_branches_covered_display": "100.00"}, "missing_lines": [], "excluded_lines": [], "start_line": 1, "executed_branches": [], "missing_branches": []}}, "classes": {"": {"executed_lines": [], "summary": {"covered_lines": 0, "num_statements": 0, "percent_covered": 100.0, "percent_covered_display": "100.00", "missing_lines": 0, "excluded_lines": 0, "percent_statements_covered": 100.0, "percent_statements_covered_display": "100.00", "num_branches": 0, "num_partial_branches": 0, "covered_branches": 0, "missing_branches": 0, "percent_branches_covered": 100.0, "percent_branches_covered_display": "100.00"}, "missing_lines": [], "excluded_lines": [], "start_line": 1, "executed_branches": [], "missing_branches": []}}}, "app/ai/providers/__init__.py": {"executed_lines": [7, 8, 9, 11], "summary": {"covered_lines": 4, "num_statements": 4, "percent_covered": 100.0, "percent_covered_display": "100.00", "missing_lines": 0, "excluded_lines": 0, "percent_statements_covered": 100.0, "percent_statements_covered_display": "100.00", "num_branches": 0, "num_partial_branches": 0, "covered_branches": 0, "missing_branches": 0, "percent_branches_covered": 100.0, "percent_branches_covered_display": "100.00"}, "missing_lines": [], "excluded_lines": [], "executed_branches": [], "missing_branches": [], "functions": {"": {"executed_lines": [7, 8, 9, 11], "summary": {"covered_lines": 4, "num_statements": 4, "percent_covered": 100.0, "percent_covered_display": "100.00", "missing_lines": 0, "excluded_lines": 0, "percent_statements_covered": 100.0, "percent_statements_covered_display": "100.00", "num_branches": 0, "num_partial_branches": 0, "covered_branches": 0, "missing_branches": 0, "percent_branches_covered": 100.0, "percent_branches_covered_display": "100.00"}, "missing_lines": [], "excluded_lines": [], "start_line": 1, "executed_branches": [], "missing_branches": []}}, "classes": {"": {"executed_lines": [7, 8, 9, 11], "summary": {"covered_lines": 4, "num_statements": 4, "percent_covered": 100.0, "percent_covered_display": "100.00", "missing_lines": 0, "excluded_lines": 0, "percent_statements_covered": 100.0, "percent_statements_covered_display": "100.00", "num_branches": 0, "num_partial_branches": 0, "covered_branches": 0, "missing_branches": 0, "percent_branches_covered": 100.0, "percent_branches_covered_display": "100.00"}, "missing_lines": [], "excluded_lines": [], "start_line": 1, "executed_branches": [], "missing_branches": []}}}, "app/ai/providers/anthropic_provider.py": {"executed_lines": [7, 8, 9, 11, 12, 14, 15, 17, 20, 23, 39, 68, 96], "summary": {"covered_lines": 13, "num_statements": 46, "percent_covered": 24.074074074074073, "percent_covered_display": "24.07", "missing_lines": 33, "excluded_lines": 0, "percent_statements_covered": 28.26086956521739, "percent_statements_covered_display": "28.26", "num_branches": 8, "num_partial_branches": 0, "covered_branches": 0, "missing_branches": 8, "percent_branches_covered": 0.0, "percent_branches_covered_display": "0.00"}, "missing_lines": [31, 40, 41, 43, 49, 50, 51, 52, 54, 60, 61, 62, 64, 66, 69, 74, 76, 77, 78, 84, 85, 86, 88, 89, 90, 91, 93, 94, 97, 98, 99, 104, 105], "excluded_lines": [], "executed_branches": [], "missing_branches": [[49, 50], [49, 66], [61, 62], [61, 64], [84, 85], [84, 88], [89, 90], [89, 91]], "functions": {"AnthropicProvider.__init__": {"executed_lines": [], "summary": {"covered_lines": 0, "num_statements": 1, "percent_covered": 0.0, "percent_covered_display": "0.00", "missing_lines": 1, "excluded_lines": 0, "percent_statements_covered": 0.0, "percent_statements_covered_display": "0.00", "num_branches": 0, "num_partial_branches": 0, "covered_branches": 0, "missing_branches": 0, "percent_branches_covered": 100.0, "percent_branches_covered_display": "100.00"}, "missing_lines": [31], "excluded_lines": [], "start_line": 23, "executed_branches": [], "missing_branches": []}, "AnthropicProvider.analyze": {"executed_lines": [], "summary": {"covered_lines": 0, "num_statements": 13, "percent_covered": 0.0, "percent_covered_display": "0.00", "missing_lines": 13, "excluded_lines": 0, "percent_statements_covered": 0.0, "percent_statements_covered_display": "0.00", "num_branches": 4, "num_partial_branches": 0, "covered_branches": 0, "missing_branches": 4, "percent_branches_covered": 0.0, "percent_branches_covered_display": "0.00"}, "missing_lines": [40, 41, 43, 49, 50, 51, 52, 54, 60, 61, 62, 64, 66], "excluded_lines": [], "start_line": 39, "executed_branches": [], "missing_branches": [[49, 50], [49, 66], [61, 62], [61, 64]]}, "AnthropicProvider._call_api": {"executed_lines": [], "summary": {"covered_lines": 0, "num_statements": 14, "percent_covered": 0.0, "percent_covered_display": "0.00", "missing_lines": 14, "excluded_lines": 0, "percent_statements_covered": 0.0, "percent_statements_covered_display": "0.00", "num_branches": 4, "num_partial_branches": 0, "covered_branches": 0, "missing_branches": 4, "percent_branches_covered": 0.0, "percent_branches_covered_display": "0.00"}, "missing_lines": [69, 74, 76, 77, 78, 84, 85, 86, 88, 89, 90, 91, 93, 94], "excluded_lines": [], "start_line": 68, "executed_branches": [], "missing_branches": [[84, 85], [84, 88], [89, 90], [89, 91]]}, "AnthropicProvider.test_connection": {"executed_lines": [], "summary": {"covered_lines": 0, "num_statements": 5, "percent_covered": 0.0, "percent_covered_display": "0.00", "missing_lines": 5, "excluded_lines": 0, "percent_statements_covered": 0.0, "percent_statements_covered_display": "0.00", "num_branches": 0, "num_partial_branches": 0, "covered_branches": 0, "missing_branches": 0, "percent_branches_covered": 100.0, "percent_branches_covered_display": "100.00"}, "missing_lines": [97, 98, 99, 104, 105], "excluded_lines": [], "start_line": 96, "executed_branches": [], "missing_branches": []}, "": {"executed_lines": [7, 8, 9, 11, 12, 14, 15, 17, 20, 23, 39, 68, 96], "summary": {"covered_lines": 13, "num_statements": 13, "percent_covered": 100.0, "percent_covered_display": "100.00", "missing_lines": 0, "excluded_lines": 0, "percent_statements_covered": 100.0, "percent_statements_covered_display": "100.00", "num_branches": 0, "num_partial_branches": 0, "covered_branches": 0, "missing_branches": 0, "percent_branches_covered": 100.0, "percent_branches_covered_display": "100.00"}, "missing_lines": [], "excluded_lines": [], "start_line": 1, "executed_branches": [], "missing_branches": []}}, "classes": {"AnthropicProvider": {"executed_lines": [], "summary": {"covered_lines": 0, "num_statements": 33, "percent_covered": 0.0, "percent_covered_display": "0.00", "missing_lines": 33, "excluded_lines": 0, "percent_statements_covered": 0.0, "percent_statements_covered_display": "0.00", "num_branches": 8, "num_partial_branches": 0, "covered_branches": 0, "missing_branches": 8, "percent_branches_covered": 0.0, "percent_branches_covered_display": "0.00"}, "missing_lines": [31, 40, 41, 43, 49, 50, 51, 52, 54, 60, 61, 62, 64, 66, 69, 74, 76, 77, 78, 84, 85, 86, 88, 89, 90, 91, 93, 94, 97, 98, 99, 104, 105], "excluded_lines": [], "start_line": 20, "executed_branches": [], "missing_branches": [[49, 50], [49, 66], [61, 62], [61, 64], [84, 85], [84, 88], [89, 90], [89, 91]]}, "": {"executed_lines": [7, 8, 9, 11, 12, 14, 15, 17, 20, 23, 39, 68, 96], "summary": {"covered_lines": 13, "num_statements": 13, "percent_covered": 100.0, "percent_covered_display": "100.00", "missing_lines": 0, "excluded_lines": 0, "percent_statements_covered": 100.0, "percent_statements_covered_display": "100.00", "num_branches": 0, "num_partial_branches": 0, "covered_branches": 0, "missing_branches": 0, "percent_branches_covered": 100.0, "percent_branches_covered_display": "100.00"}, "missing_lines": [], "excluded_lines": [], "start_line": 1, "executed_branches": [], "missing_branches": []}}}, "app/ai/providers/factory.py": {"executed_lines": [7, 9, 10, 11, 12, 15, 18, 19, 22, 25, 26], "summary": {"covered_lines": 11, "num_statements": 18, "percent_covered": 45.833333333333336, "percent_covered_display": "45.83", "missing_lines": 7, "excluded_lines": 0, "percent_statements_covered": 61.111111111111114, "percent_statements_covered_display": "61.11", "num_branches": 6, "num_partial_branches": 0, "covered_branches": 0, "missing_branches": 6, "percent_branches_covered": 0.0, "percent_branches_covered_display": "0.00"}, "missing_lines": [34, 35, 37, 38, 44, 45, 52], "excluded_lines": [], "executed_branches": [], "missing_branches": [[34, 35], [34, 37], [37, 38], [37, 44], [44, 45], [44, 52]], "functions": {"AIProviderFactory.create": {"executed_lines": [], "summary": {"covered_lines": 0, "num_statements": 7, "percent_covered": 0.0, "percent_covered_display": "0.00", "missing_lines": 7, "excluded_lines": 0, "percent_statements_covered": 0.0, "percent_statements_covered_display": "0.00", "num_branches": 6, "num_partial_branches": 0, "covered_branches": 0, "missing_branches": 6, "percent_branches_covered": 0.0, "percent_branches_covered_display": "0.00"}, "missing_lines": [34, 35, 37, 38, 44, 45, 52], "excluded_lines": [], "start_line": 26, "executed_branches": [], "missing_branches": [[34, 35], [34, 37], [37, 38], [37, 44], [44, 45], [44, 52]]}, "": {"executed_lines": [7, 9, 10, 11, 12, 15, 18, 19, 22, 25, 26], "summary": {"covered_lines": 11, "num_statements": 11, "percent_covered": 100.0, "percent_covered_display": "100.00", "missing_lines": 0, "excluded_lines": 0, "percent_statements_covered": 100.0, "percent_statements_covered_display": "100.00", "num_branches": 0, "num_partial_branches": 0, "covered_branches": 0, "missing_branches": 0, "percent_branches_covered": 100.0, "percent_branches_covered_display": "100.00"}, "missing_lines": [], "excluded_lines": [], "start_line": 1, "executed_branches": [], "missing_branches": []}}, "classes": {"AIProviderType": {"executed_lines": [], "summary": {"covered_lines": 0, "num_statements": 0, "percent_covered": 100.0, "percent_covered_display": "100.00", "missing_lines": 0, "excluded_lines": 0, "percent_statements_covered": 100.0, "percent_statements_covered_display": "100.00", "num_branches": 0, "num_partial_branches": 0, "covered_branches": 0, "missing_branches": 0, "percent_branches_covered": 100.0, "percent_branches_covered_display": "100.00"}, "missing_lines": [], "excluded_lines": [], "start_line": 15, "executed_branches": [], "missing_branches": []}, "AIProviderFactory": {"executed_lines": [], "summary": {"covered_lines": 0, "num_statements": 7, "percent_covered": 0.0, "percent_covered_display": "0.00", "missing_lines": 7, "excluded_lines": 0, "percent_statements_covered": 0.0, "percent_statements_covered_display": "0.00", "num_branches": 6, "num_partial_branches": 0, "covered_branches": 0, "missing_branches": 6, "percent_branches_covered": 0.0, "percent_branches_covered_display": "0.00"}, "missing_lines": [34, 35, 37, 38, 44, 45, 52], "excluded_lines": [], "start_line": 22, "executed_branches": [], "missing_branches": [[34, 35], [34, 37], [37, 38], [37, 44], [44, 45], [44, 52]]}, "": {"executed_lines": [7, 9, 10, 11, 12, 15, 18, 19, 22, 25, 26], "summary": {"covered_lines": 11, "num_statements": 11, "percent_covered": 100.0, "percent_covered_display": "100.00", "missing_lines": 0, "excluded_lines": 0, "percent_statements_covered": 100.0, "percent_statements_covered_display": "100.00", "num_branches": 0, "num_partial_branches": 0, "covered_branches": 0, "missing_branches": 0, "percent_branches_covered": 100.0, "percent_branches_covered_display": "100.00"}, "missing_lines": [], "excluded_lines": [], "start_line": 1, "executed_branches": [], "missing_branches": []}}}, "app/ai/providers/openai_provider.py": {"executed_lines": [10, 11, 13, 14, 16, 17, 19, 22, 29, 59, 143, 199], "summary": {"covered_lines": 12, "num_statements": 63, "percent_covered": 16.438356164383563, "percent_covered_display": "16.44", "missing_lines": 51, "excluded_lines": 0, "percent_statements_covered": 19.047619047619047, "percent_statements_covered_display": "19.05", "num_branches": 10, "num_partial_branches": 0, "covered_branches": 0, "missing_branches": 10, "percent_branches_covered": 0.0, "percent_branches_covered_display": "0.00"}, "missing_lines": [51, 77, 79, 80, 82, 89, 97, 98, 99, 100, 101, 103, 109, 116, 117, 118, 123, 125, 126, 127, 132, 134, 136, 139, 158, 163, 165, 166, 167, 173, 174, 175, 178, 179, 183, 184, 185, 186, 187, 188, 190, 194, 195, 196, 197, 206, 208, 212, 214, 222, 223], "excluded_lines": [], "executed_branches": [], "missing_branches": [[98, 99], [98, 139], [173, 174], [173, 178], [183, 184], [183, 185], [185, 186], [185, 187], [187, 188], [187, 190]], "functions": {"OpenAIProvider.__init__": {"executed_lines": [], "summary": {"covered_lines": 0, "num_statements": 1, "percent_covered": 0.0, "percent_covered_display": "0.00", "missing_lines": 1, "excluded_lines": 0, "percent_statements_covered": 0.0, "percent_statements_covered_display": "0.00", "num_branches": 0, "num_partial_branches": 0, "covered_branches": 0, "missing_branches": 0, "percent_branches_covered": 100.0, "percent_branches_covered_display": "100.00"}, "missing_lines": [51], "excluded_lines": [], "start_line": 29, "executed_branches": [], "missing_branches": []}, "OpenAIProvider.analyze": {"executed_lines": [], "summary": {"covered_lines": 0, "num_statements": 23, "percent_covered": 0.0, "percent_covered_display": "0.00", "missing_lines": 23, "excluded_lines": 0, "percent_statements_covered": 0.0, "percent_statements_covered_display": "0.00", "num_branches": 2, "num_partial_branches": 0, "covered_branches": 0, "missing_branches": 2, "percent_branches_covered": 0.0, "percent_branches_covered_display": "0.00"}, "missing_lines": [77, 79, 80, 82, 89, 97, 98, 99, 100, 101, 103, 109, 116, 117, 118, 123, 125, 126, 127, 132, 134, 136, 139], "excluded_lines": [], "start_line": 59, "executed_branches": [], "missing_branches": [[98, 99], [98, 139]]}, "OpenAIProvider._call_api": {"executed_lines": [], "summary": {"covered_lines": 0, "num_statements": 21, "percent_covered": 0.0, "percent_covered_display": "0.00", "missing_lines": 21, "excluded_lines": 0, "percent_statements_covered": 0.0, "percent_statements_covered_display": "0.00", "num_branches": 8, "num_partial_branches": 0, "covered_branches": 0, "missing_branches": 8, "percent_branches_covered": 0.0, "percent_branches_covered_display": "0.00"}, "missing_lines": [158, 163, 165, 166, 167, 173, 174, 175, 178, 179, 183, 184, 185, 186, 187, 188, 190, 194, 195, 196, 197], "excluded_lines": [], "start_line": 143, "executed_branches": [], "missing_branches": [[173, 174], [173, 178], [183, 184], [183, 185], [185, 186], [185, 187], [187, 188], [187, 190]]}, "OpenAIProvider.test_connection": {"executed_lines": [], "summary": {"covered_lines": 0, "num_statements": 6, "percent_covered": 0.0, "percent_covered_display": "0.00", "missing_lines": 6, "excluded_lines": 0, "percent_statements_covered": 0.0, "percent_statements_covered_display": "0.00", "num_branches": 0, "num_partial_branches": 0, "covered_branches": 0, "missing_branches": 0, "percent_branches_covered": 100.0, "percent_branches_covered_display": "100.00"}, "missing_lines": [206, 208, 212, 214, 222, 223], "excluded_lines": [], "start_line": 199, "executed_branches": [], "missing_branches": []}, "": {"executed_lines": [10, 11, 13, 14, 16, 17, 19, 22, 29, 59, 143, 199], "summary": {"covered_lines": 12, "num_statements": 12, "percent_covered": 100.0, "percent_covered_display": "100.00", "missing_lines": 0, "excluded_lines": 0, "percent_statements_covered": 100.0, "percent_statements_covered_display": "100.00", "num_branches": 0, "num_partial_branches": 0, "covered_branches": 0, "missing_branches": 0, "percent_branches_covered": 100.0, "percent_branches_covered_display": "100.00"}, "missing_lines": [], "excluded_lines": [], "start_line": 1, "executed_branches": [], "missing_branches": []}}, "classes": {"OpenAIProvider": {"executed_lines": [], "summary": {"covered_lines": 0, "num_statements": 51, "percent_covered": 0.0, "percent_covered_display": "0.00", "missing_lines": 51, "excluded_lines": 0, "percent_statements_covered": 0.0, "percent_statements_covered_display": "0.00", "num_branches": 10, "num_partial_branches": 0, "covered_branches": 0, "missing_branches": 10, "percent_branches_covered": 0.0, "percent_branches_covered_display": "0.00"}, "missing_lines": [51, 77, 79, 80, 82, 89, 97, 98, 99, 100, 101, 103, 109, 116, 117, 118, 123, 125, 126, 127, 132, 134, 136, 139, 158, 163, 165, 166, 167, 173, 174, 175, 178, 179, 183, 184, 185, 186, 187, 188, 190, 194, 195, 196, 197, 206, 208, 212, 214, 222, 223], "excluded_lines": [], "start_line": 22, "executed_branches": [], "missing_branches": [[98, 99], [98, 139], [173, 174], [173, 178], [183, 184], [183, 185], [185, 186], [185, 187], [187, 188], [187, 190]]}, "": {"executed_lines": [10, 11, 13, 14, 16, 17, 19, 22, 29, 59, 143, 199], "summary": {"covered_lines": 12, "num_statements": 12, "percent_covered": 100.0, "percent_covered_display": "100.00", "missing_lines": 0, "excluded_lines": 0, "percent_statements_covered": 100.0, "percent_statements_covered_display": "100.00", "num_branches": 0, "num_partial_branches": 0, "covered_branches": 0, "missing_branches": 0, "percent_branches_covered": 100.0, "percent_branches_covered_display": "100.00"}, "missing_lines": [], "excluded_lines": [], "start_line": 1, "executed_branches": [], "missing_branches": []}}}, "app/ai/quota.py": {"executed_lines": [], "summary": {"covered_lines": 0, "num_statements": 0, "percent_covered": 100.0, "percent_covered_display": "100.00", "missing_lines": 0, "excluded_lines": 0, "percent_statements_covered": 100.0, "percent_statements_covered_display": "100.00", "num_branches": 0, "num_partial_branches": 0, "covered_branches": 0, "missing_branches": 0, "percent_branches_covered": 100.0, "percent_branches_covered_display": "100.00"}, "missing_lines": [], "excluded_lines": [], "executed_branches": [], "missing_branches": [], "functions": {"": {"executed_lines": [], "summary": {"covered_lines": 0, "num_statements": 0, "percent_covered": 100.0, "percent_covered_display": "100.00", "missing_lines": 0, "excluded_lines": 0, "percent_statements_covered": 100.0, "percent_statements_covered_display": "100.00", "num_branches": 0, "num_partial_branches": 0, "covered_branches": 0, "missing_branches": 0, "percent_branches_covered": 100.0, "percent_branches_covered_display": "100.00"}, "missing_lines": [], "excluded_lines": [], "start_line": 1, "executed_branches": [], "missing_branches": []}}, "classes": {"": {"executed_lines": [], "summary": {"covered_lines": 0, "num_statements": 0, "percent_covered": 100.0, "percent_covered_display": "100.00", "missing_lines": 0, "excluded_lines": 0, "percent_statements_covered": 100.0, "percent_statements_covered_display": "100.00", "num_branches": 0, "num_partial_branches": 0, "covered_branches": 0, "missing_branches": 0, "percent_branches_covered": 100.0, "percent_branches_covered_display": "100.00"}, "missing_lines": [], "excluded_lines": [], "start_line": 1, "executed_branches": [], "missing_branches": []}}}, "app/analysis/__init__.py": {"executed_lines": [7, 8, 9, 14, 24, 25, 26, 28], "summary": {"covered_lines": 8, "num_statements": 8, "percent_covered": 100.0, "percent_covered_display": "100.00", "missing_lines": 0, "excluded_lines": 0, "percent_statements_covered": 100.0, "percent_statements_covered_display": "100.00", "num_branches": 0, "num_partial_branches": 0, "covered_branches": 0, "missing_branches": 0, "percent_branches_covered": 100.0, "percent_branches_covered_display": "100.00"}, "missing_lines": [], "excluded_lines": [], "executed_branches": [], "missing_branches": [], "functions": {"": {"executed_lines": [7, 8, 9, 14, 24, 25, 26, 28], "summary": {"covered_lines": 8, "num_statements": 8, "percent_covered": 100.0, "percent_covered_display": "100.00", "missing_lines": 0, "excluded_lines": 0, "percent_statements_covered": 100.0, "percent_statements_covered_display": "100.00", "num_branches": 0, "num_partial_branches": 0, "covered_branches": 0, "missing_branches": 0, "percent_branches_covered": 100.0, "percent_branches_covered_display": "100.00"}, "missing_lines": [], "excluded_lines": [], "start_line": 1, "executed_branches": [], "missing_branches": []}}, "classes": {"": {"executed_lines": [7, 8, 9, 14, 24, 25, 26, 28], "summary": {"covered_lines": 8, "num_statements": 8, "percent_covered": 100.0, "percent_covered_display": "100.00", "missing_lines": 0, "excluded_lines": 0, "percent_statements_covered": 100.0, "percent_statements_covered_display": "100.00", "num_branches": 0, "num_partial_branches": 0, "covered_branches": 0, "missing_branches": 0, "percent_branches_covered": 100.0, "percent_branches_covered_display": "100.00"}, "missing_lines": [], "excluded_lines": [], "start_line": 1, "executed_branches": [], "missing_branches": []}}}, "app/analysis/analyst.py": {"executed_lines": [7, 9, 11, 12, 17, 18, 19, 21, 24, 34, 37, 82, 114, 146, 204, 233, 269], "summary": {"covered_lines": 17, "num_statements": 134, "percent_covered": 10.365853658536585, "percent_covered_display": "10.37", "missing_lines": 117, "excluded_lines": 0, "percent_statements_covered": 12.686567164179104, "percent_statements_covered_display": "12.69", "num_branches": 30, "num_partial_branches": 0, "covered_branches": 0, "missing_branches": 30, "percent_branches_covered": 0.0, "percent_branches_covered_display": "0.00"}, "missing_lines": [35, 56, 59, 60, 61, 64, 67, 70, 73, 74, 77, 78, 80, 89, 92, 93, 94, 95, 98, 99, 100, 101, 104, 105, 106, 107, 110, 120, 121, 122, 123, 125, 128, 129, 132, 133, 136, 137, 140, 141, 144, 152, 155, 156, 157, 160, 163, 164, 167, 170, 171, 172, 173, 174, 175, 177, 180, 181, 182, 183, 184, 185, 188, 189, 191, 193, 202, 210, 213, 214, 217, 219, 220, 221, 222, 223, 224, 225, 226, 227, 229, 231, 241, 242, 243, 246, 247, 250, 253, 255, 256, 257, 258, 259, 260, 261, 262, 263, 265, 267, 276, 277, 280, 281, 284, 289, 292, 293, 294, 296, 297, 298, 300, 301, 302, 304, 306], "excluded_lines": [], "executed_branches": [], "missing_branches": [[59, 60], [59, 64], [170, 171], [170, 173], [173, 174], [173, 177], [180, 181], [180, 183], [183, 184], [183, 188], [188, 189], [188, 191], [219, 220], [219, 222], [222, 223], [222, 225], [225, 226], [225, 229], [255, 256], [255, 258], [258, 259], [258, 261], [261, 262], [261, 265], [292, 293], [292, 296], [296, 297], [296, 300], [300, 301], [300, 304]], "functions": {"Analyst.__init__": {"executed_lines": [], "summary": {"covered_lines": 0, "num_statements": 1, "percent_covered": 0.0, "percent_covered_display": "0.00", "missing_lines": 1, "excluded_lines": 0, "percent_statements_covered": 0.0, "percent_statements_covered_display": "0.00", "num_branches": 0, "num_partial_branches": 0, "covered_branches": 0, "missing_branches": 0, "percent_branches_covered": 100.0, "percent_branches_covered_display": "100.00"}, "missing_lines": [35], "excluded_lines": [], "start_line": 34, "executed_branches": [], "missing_branches": []}, "Analyst.analyze": {"executed_lines": [], "summary": {"covered_lines": 0, "num_statements": 12, "percent_covered": 0.0, "percent_covered_display": "0.00", "missing_lines": 12, "excluded_lines": 0, "percent_statements_covered": 0.0, "percent_statements_covered_display": "0.00", "num_branches": 2, "num_partial_branches": 0, "covered_branches": 0, "missing_branches": 2, "percent_branches_covered": 0.0, "percent_branches_covered_display": "0.00"}, "missing_lines": [56, 59, 60, 61, 64, 67, 70, 73, 74, 77, 78, 80], "excluded_lines": [], "start_line": 37, "executed_branches": [], "missing_branches": [[59, 60], [59, 64]]}, "Analyst._analyze_fundamental": {"executed_lines": [], "summary": {"covered_lines": 0, "num_statements": 14, "percent_covered": 0.0, "percent_covered_display": "0.00", "missing_lines": 14, "excluded_lines": 0, "percent_statements_covered": 0.0, "percent_statements_covered_display": "0.00", "num_branches": 0, "num_partial_branches": 0, "covered_branches": 0, "missing_branches": 0, "percent_branches_covered": 100.0, "percent_branches_covered_display": "100.00"}, "missing_lines": [89, 92, 93, 94, 95, 98, 99, 100, 101, 104, 105, 106, 107, 110], "excluded_lines": [], "start_line": 82, "executed_branches": [], "missing_branches": []}, "Analyst._analyze_technical": {"executed_lines": [], "summary": {"covered_lines": 0, "num_statements": 14, "percent_covered": 0.0, "percent_covered_display": "0.00", "missing_lines": 14, "excluded_lines": 0, "percent_statements_covered": 0.0, "percent_statements_covered_display": "0.00", "num_branches": 0, "num_partial_branches": 0, "covered_branches": 0, "missing_branches": 0, "percent_branches_covered": 100.0, "percent_branches_covered_display": "100.00"}, "missing_lines": [120, 121, 122, 123, 125, 128, 129, 132, 133, 136, 137, 140, 141, 144], "excluded_lines": [], "start_line": 114, "executed_branches": [], "missing_branches": []}, "Analyst._analyze_trend": {"executed_lines": [], "summary": {"covered_lines": 0, "num_statements": 26, "percent_covered": 0.0, "percent_covered_display": "0.00", "missing_lines": 26, "excluded_lines": 0, "percent_statements_covered": 0.0, "percent_statements_covered_display": "0.00", "num_branches": 10, "num_partial_branches": 0, "covered_branches": 0, "missing_branches": 10, "percent_branches_covered": 0.0, "percent_branches_covered_display": "0.00"}, "missing_lines": [152, 155, 156, 157, 160, 163, 164, 167, 170, 171, 172, 173, 174, 175, 177, 180, 181, 182, 183, 184, 185, 188, 189, 191, 193, 202], "excluded_lines": [], "start_line": 146, "executed_branches": [], "missing_branches": [[170, 171], [170, 173], [173, 174], [173, 177], [180, 181], [180, 183], [183, 184], [183, 188], [188, 189], [188, 191]]}, "Analyst._analyze_momentum": {"executed_lines": [], "summary": {"covered_lines": 0, "num_statements": 15, "percent_covered": 0.0, "percent_covered_display": "0.00", "missing_lines": 15, "excluded_lines": 0, "percent_statements_covered": 0.0, "percent_statements_covered_display": "0.00", "num_branches": 6, "num_partial_branches": 0, "covered_branches": 0, "missing_branches": 6, "percent_branches_covered": 0.0, "percent_branches_covered_display": "0.00"}, "missing_lines": [210, 213, 214, 217, 219, 220, 221, 222, 223, 224, 225, 226, 227, 229, 231], "excluded_lines": [], "start_line": 204, "executed_branches": [], "missing_branches": [[219, 220], [219, 222], [222, 223], [222, 225], [225, 226], [225, 229]]}, "Analyst._analyze_volatility": {"executed_lines": [], "summary": {"covered_lines": 0, "num_statements": 18, "percent_covered": 0.0, "percent_covered_display": "0.00", "missing_lines": 18, "excluded_lines": 0, "percent_statements_covered": 0.0, "percent_statements_covered_display": "0.00", "num_branches": 6, "num_partial_branches": 0, "covered_branches": 0, "missing_branches": 6, "percent_branches_covered": 0.0, "percent_branches_covered_display": "0.00"}, "missing_lines": [241, 242, 243, 246, 247, 250, 253, 255, 256, 257, 258, 259, 260, 261, 262, 263, 265, 267], "excluded_lines": [], "start_line": 233, "executed_branches": [], "missing_branches": [[255, 256], [255, 258], [258, 259], [258, 261], [261, 262], [261, 265]]}, "Analyst._analyze_volume": {"executed_lines": [], "summary": {"covered_lines": 0, "num_statements": 17, "percent_covered": 0.0, "percent_covered_display": "0.00", "missing_lines": 17, "excluded_lines": 0, "percent_statements_covered": 0.0, "percent_statements_covered_display": "0.00", "num_branches": 6, "num_partial_branches": 0, "covered_branches": 0, "missing_branches": 6, "percent_branches_covered": 0.0, "percent_branches_covered_display": "0.00"}, "missing_lines": [276, 277, 280, 281, 284, 289, 292, 293, 294, 296, 297, 298, 300, 301, 302, 304, 306], "excluded_lines": [], "start_line": 269, "executed_branches": [], "missing_branches": [[292, 293], [292, 296], [296, 297], [296, 300], [300, 301], [300, 304]]}, "": {"executed_lines": [7, 9, 11, 12, 17, 18, 19, 21, 24, 34, 37, 82, 114, 146, 204, 233, 269], "summary": {"covered_lines": 17, "num_statements": 17, "percent_covered": 100.0, "percent_covered_display": "100.00", "missing_lines": 0, "excluded_lines": 0, "percent_statements_covered": 100.0, "percent_statements_covered_display": "100.00", "num_branches": 0, "num_partial_branches": 0, "covered_branches": 0, "missing_branches": 0, "percent_branches_covered": 100.0, "percent_branches_covered_display": "100.00"}, "missing_lines": [], "excluded_lines": [], "start_line": 1, "executed_branches": [], "missing_branches": []}}, "classes": {"Analyst": {"executed_lines": [], "summary": {"covered_lines": 0, "num_statements": 117, "percent_covered": 0.0, "percent_covered_display": "0.00", "missing_lines": 117, "excluded_lines": 0, "percent_statements_covered": 0.0, "percent_statements_covered_display": "0.00", "num_branches": 30, "num_partial_branches": 0, "covered_branches": 0, "missing_branches": 30, "percent_branches_covered": 0.0, "percent_branches_covered_display": "0.00"}, "missing_lines": [35, 56, 59, 60, 61, 64, 67, 70, 73, 74, 77, 78, 80, 89, 92, 93, 94, 95, 98, 99, 100, 101, 104, 105, 106, 107, 110, 120, 121, 122, 123, 125, 128, 129, 132, 133, 136, 137, 140, 141, 144, 152, 155, 156, 157, 160, 163, 164, 167, 170, 171, 172, 173, 174, 175, 177, 180, 181, 182, 183, 184, 185, 188, 189, 191, 193, 202, 210, 213, 214, 217, 219, 220, 221, 222, 223, 224, 225, 226, 227, 229, 231, 241, 242, 243, 246, 247, 250, 253, 255, 256, 257, 258, 259, 260, 261, 262, 263, 265, 267, 276, 277, 280, 281, 284, 289, 292, 293, 294, 296, 297, 298, 300, 301, 302, 304, 306], "excluded_lines": [], "start_line": 24, "executed_branches": [], "missing_branches": [[59, 60], [59, 64], [170, 171], [170, 173], [173, 174], [173, 177], [180, 181], [180, 183], [183, 184], [183, 188], [188, 189], [188, 191], [219, 220], [219, 222], [222, 223], [222, 225], [225, 226], [225, 229], [255, 256], [255, 258], [258, 259], [258, 261], [261, 262], [261, 265], [292, 293], [292, 296], [296, 297], [296, 300], [300, 301], [300, 304]]}, "": {"executed_lines": [7, 9, 11, 12, 17, 18, 19, 21, 24, 34, 37, 82, 114, 146, 204, 233, 269], "summary": {"covered_lines": 17, "num_statements": 17, "percent_covered": 100.0, "percent_covered_display": "100.00", "missing_lines": 0, "excluded_lines": 0, "percent_statements_covered": 100.0, "percent_statements_covered_display": "100.00", "num_branches": 0, "num_partial_branches": 0, "covered_branches": 0, "missing_branches": 0, "percent_branches_covered": 100.0, "percent_branches_covered_display": "100.00"}, "missing_lines": [], "excluded_lines": [], "start_line": 1, "executed_branches": [], "missing_branches": []}}}, "app/analysis/base.py": {"executed_lines": [7, 8, 10, 11, 16, 19, 27, 34, 38, 42, 46, 50, 60, 129, 136, 140, 141, 162, 179, 203], "summary": {"covered_lines": 20, "num_statements": 56, "percent_covered": 34.48275862068966, "percent_covered_display": "34.48", "missing_lines": 36, "excluded_lines": 2, "percent_statements_covered": 35.714285714285715, "percent_statements_covered_display": "35.71", "num_branches": 2, "num_partial_branches": 0, "covered_branches": 0, "missing_branches": 2, "percent_branches_covered": 0.0, "percent_branches_covered_display": "0.00"}, "missing_lines": [28, 29, 30, 31, 32, 36, 40, 44, 48, 52, 77, 87, 88, 91, 92, 95, 110, 119, 137, 138, 160, 177, 193, 195, 216, 217, 219, 220, 223, 228, 229, 230, 231, 234, 237, 241], "excluded_lines": [13, 14], "executed_branches": [], "missing_branches": [[216, 217], [216, 219]], "functions": {"AnalyzerResult.__init__": {"executed_lines": [], "summary": {"covered_lines": 0, "num_statements": 5, "percent_covered": 0.0, "percent_covered_display": "0.00", "missing_lines": 5, "excluded_lines": 0, "percent_statements_covered": 0.0, "percent_statements_covered_display": "0.00", "num_branches": 0, "num_partial_branches": 0, "covered_branches": 0, "missing_branches": 0, "percent_branches_covered": 100.0, "percent_branches_covered_display": "100.00"}, "missing_lines": [28, 29, 30, 31, 32], "excluded_lines": [], "start_line": 27, "executed_branches": [], "missing_branches": []}, "AnalyzerResult.add_score": {"executed_lines": [], "summary": {"covered_lines": 0, "num_statements": 1, "percent_covered": 0.0, "percent_covered_display": "0.00", "missing_lines": 1, "excluded_lines": 0, "percent_statements_covered": 0.0, "percent_statements_covered_display": "0.00", "num_branches": 0, "num_partial_branches": 0, "covered_branches": 0, "missing_branches": 0, "percent_branches_covered": 100.0, "percent_branches_covered_display": "100.00"}, "missing_lines": [36], "excluded_lines": [], "start_line": 34, "executed_branches": [], "missing_branches": []}, "AnalyzerResult.add_detail": {"executed_lines": [], "summary": {"covered_lines": 0, "num_statements": 1, "percent_covered": 0.0, "percent_covered_display": "0.00", "missing_lines": 1, "excluded_lines": 0, "percent_statements_covered": 0.0, "percent_statements_covered_display": "0.00", "num_branches": 0, "num_partial_branches": 0, "covered_branches": 0, "missing_branches": 0, "percent_branches_covered": 100.0, "percent_branches_covered_display": "100.00"}, "missing_lines": [40], "excluded_lines": [], "start_line": 38, "executed_branches": [], "missing_branches": []}, "AnalyzerResult.add_signal": {"executed_lines": [], "summary": {"covered_lines": 0, "num_statements": 1, "percent_covered": 0.0, "percent_covered_display": "0.00", "missing_lines": 1, "excluded_lines": 0, "percent_statements_covered": 0.0, "percent_statements_covered_display": "0.00", "num_branches": 0, "num_partial_branches": 0, "covered_branches": 0, "missing_branches": 0, "percent_branches_covered": 100.0, "percent_branches_covered_display": "100.00"}, "missing_lines": [44], "excluded_lines": [], "start_line": 42, "executed_branches": [], "missing_branches": []}, "AnalyzerResult.add_warning": {"executed_lines": [], "summary": {"covered_lines": 0, "num_statements": 1, "percent_covered": 0.0, "percent_covered_display": "0.00", "missing_lines": 1, "excluded_lines": 0, "percent_statements_covered": 0.0, "percent_statements_covered_display": "0.00", "num_branches": 0, "num_partial_branches": 0, "covered_branches": 0, "missing_branches": 0, "percent_branches_covered": 100.0, "percent_branches_covered_display": "100.00"}, "missing_lines": [48], "excluded_lines": [], "start_line": 46, "executed_branches": [], "missing_branches": []}, "AnalyzerResult.to_dict": {"executed_lines": [], "summary": {"covered_lines": 0, "num_statements": 1, "percent_covered": 0.0, "percent_covered_display": "0.00", "missing_lines": 1, "excluded_lines": 0, "percent_statements_covered": 0.0, "percent_statements_covered_display": "0.00", "num_branches": 0, "num_partial_branches": 0, "covered_branches": 0, "missing_branches": 0, "percent_branches_covered": 100.0, "percent_branches_covered_display": "100.00"}, "missing_lines": [52], "excluded_lines": [], "start_line": 50, "executed_branches": [], "missing_branches": []}, "AnalyzerResult.to_analysis_result": {"executed_lines": [], "summary": {"covered_lines": 0, "num_statements": 8, "percent_covered": 0.0, "percent_covered_display": "0.00", "missing_lines": 8, "excluded_lines": 0, "percent_statements_covered": 0.0, "percent_statements_covered_display": "0.00", "num_branches": 0, "num_partial_branches": 0, "covered_branches": 0, "missing_branches": 0, "percent_branches_covered": 100.0, "percent_branches_covered_display": "100.00"}, "missing_lines": [77, 87, 88, 91, 92, 95, 110, 119], "excluded_lines": [], "start_line": 60, "executed_branches": [], "missing_branches": []}, "BaseAnalyzer.__init__": {"executed_lines": [], "summary": {"covered_lines": 0, "num_statements": 2, "percent_covered": 0.0, "percent_covered_display": "0.00", "missing_lines": 2, "excluded_lines": 0, "percent_statements_covered": 0.0, "percent_statements_covered_display": "0.00", "num_branches": 0, "num_partial_branches": 0, "covered_branches": 0, "missing_branches": 0, "percent_branches_covered": 100.0, "percent_branches_covered_display": "100.00"}, "missing_lines": [137, 138], "excluded_lines": [], "start_line": 136, "executed_branches": [], "missing_branches": []}, "BaseAnalyzer.analyze": {"executed_lines": [], "summary": {"covered_lines": 0, "num_statements": 1, "percent_covered": 0.0, "percent_covered_display": "0.00", "missing_lines": 1, "excluded_lines": 0, "percent_statements_covered": 0.0, "percent_statements_covered_display": "0.00", "num_branches": 0, "num_partial_branches": 0, "covered_branches": 0, "missing_branches": 0, "percent_branches_covered": 100.0, "percent_branches_covered_display": "100.00"}, "missing_lines": [160], "excluded_lines": [], "start_line": 141, "executed_branches": [], "missing_branches": []}, "BaseAnalyzer.validate_data": {"executed_lines": [], "summary": {"covered_lines": 0, "num_statements": 1, "percent_covered": 0.0, "percent_covered_display": "0.00", "missing_lines": 1, "excluded_lines": 0, "percent_statements_covered": 0.0, "percent_statements_covered_display": "0.00", "num_branches": 0, "num_partial_branches": 0, "covered_branches": 0, "missing_branches": 0, "percent_branches_covered": 100.0, "percent_branches_covered_display": "100.00"}, "missing_lines": [177], "excluded_lines": [], "start_line": 162, "executed_branches": [], "missing_branches": []}, "BaseAnalyzer.extract_price_series": {"executed_lines": [], "summary": {"covered_lines": 0, "num_statements": 2, "percent_covered": 0.0, "percent_covered_display": "0.00", "missing_lines": 2, "excluded_lines": 0, "percent_statements_covered": 0.0, "percent_statements_covered_display": "0.00", "num_branches": 0, "num_partial_branches": 0, "covered_branches": 0, "missing_branches": 0, "percent_branches_covered": 100.0, "percent_branches_covered_display": "100.00"}, "missing_lines": [193, 195], "excluded_lines": [], "start_line": 179, "executed_branches": [], "missing_branches": []}, "BaseAnalyzer.calculate_basic_stats": {"executed_lines": [], "summary": {"covered_lines": 0, "num_statements": 12, "percent_covered": 0.0, "percent_covered_display": "0.00", "missing_lines": 12, "excluded_lines": 0, "percent_statements_covered": 0.0, "percent_statements_covered_display": "0.00", "num_branches": 2, "num_partial_branches": 0, "covered_branches": 0, "missing_branches": 2, "percent_branches_covered": 0.0, "percent_branches_covered_display": "0.00"}, "missing_lines": [216, 217, 219, 220, 223, 228, 229, 230, 231, 234, 237, 241], "excluded_lines": [], "start_line": 203, "executed_branches": [], "missing_branches": [[216, 217], [216, 219]]}, "": {"executed_lines": [7, 8, 10, 11, 16, 19, 27, 34, 38, 42, 46, 50, 60, 129, 136, 140, 141, 162, 179, 203], "summary": {"covered_lines": 20, "num_statements": 20, "percent_covered": 100.0, "percent_covered_display": "100.00", "missing_lines": 0, "excluded_lines": 2, "percent_statements_covered": 100.0, "percent_statements_covered_display": "100.00", "num_branches": 0, "num_partial_branches": 0, "covered_branches": 0, "missing_branches": 0, "percent_branches_covered": 100.0, "percent_branches_covered_display": "100.00"}, "missing_lines": [], "excluded_lines": [13, 14], "start_line": 1, "executed_branches": [], "missing_branches": []}}, "classes": {"AnalyzerResult": {"executed_lines": [], "summary": {"covered_lines": 0, "num_statements": 18, "percent_covered": 0.0, "percent_covered_display": "0.00", "missing_lines": 18, "excluded_lines": 0, "percent_statements_covered": 0.0, "percent_statements_covered_display": "0.00", "num_branches": 0, "num_partial_branches": 0, "covered_branches": 0, "missing_branches": 0, "percent_branches_covered": 100.0, "percent_branches_covered_display": "100.00"}, "missing_lines": [28, 29, 30, 31, 32, 36, 40, 44, 48, 52, 77, 87, 88, 91, 92, 95, 110, 119], "excluded_lines": [], "start_line": 19, "executed_branches": [], "missing_branches": []}, "BaseAnalyzer": {"executed_lines": [], "summary": {"covered_lines": 0, "num_statements": 18, "percent_covered": 0.0, "percent_covered_display": "0.00", "missing_lines": 18, "excluded_lines": 0, "percent_statements_covered": 0.0, "percent_statements_covered_display": "0.00", "num_branches": 2, "num_partial_branches": 0, "covered_branches": 0, "missing_branches": 2, "percent_branches_covered": 0.0, "percent_branches_covered_display": "0.00"}, "missing_lines": [137, 138, 160, 177, 193, 195, 216, 217, 219, 220, 223, 228, 229, 230, 231, 234, 237, 241], "excluded_lines": [], "start_line": 129, "executed_branches": [], "missing_branches": [[216, 217], [216, 219]]}, "": {"executed_lines": [7, 8, 10, 11, 16, 19, 27, 34, 38, 42, 46, 50, 60, 129, 136, 140, 141, 162, 179, 203], "summary": {"covered_lines": 20, "num_statements": 20, "percent_covered": 100.0, "percent_covered_display": "100.00", "missing_lines": 0, "excluded_lines": 2, "percent_statements_covered": 100.0, "percent_statements_covered_display": "100.00", "num_branches": 0, "num_partial_branches": 0, "covered_branches": 0, "missing_branches": 0, "percent_branches_covered": 100.0, "percent_branches_covered_display": "100.00"}, "missing_lines": [], "excluded_lines": [13, 14], "start_line": 1, "executed_branches": [], "missing_branches": []}}}, "app/analysis/fundamental/__init__.py": {"executed_lines": [7, 13, 18, 24], "summary": {"covered_lines": 4, "num_statements": 4, "percent_covered": 100.0, "percent_covered_display": "100.00", "missing_lines": 0, "excluded_lines": 0, "percent_statements_covered": 100.0, "percent_statements_covered_display": "100.00", "num_branches": 0, "num_partial_branches": 0, "covered_branches": 0, "missing_branches": 0, "percent_branches_covered": 100.0, "percent_branches_covered_display": "100.00"}, "missing_lines": [], "excluded_lines": [], "executed_branches": [], "missing_branches": [], "functions": {"": {"executed_lines": [7, 13, 18, 24], "summary": {"covered_lines": 4, "num_statements": 4, "percent_covered": 100.0, "percent_covered_display": "100.00", "missing_lines": 0, "excluded_lines": 0, "percent_statements_covered": 100.0, "percent_statements_covered_display": "100.00", "num_branches": 0, "num_partial_branches": 0, "covered_branches": 0, "missing_branches": 0, "percent_branches_covered": 100.0, "percent_branches_covered_display": "100.00"}, "missing_lines": [], "excluded_lines": [], "start_line": 1, "executed_branches": [], "missing_branches": []}}, "classes": {"": {"executed_lines": [7, 13, 18, 24], "summary": {"covered_lines": 4, "num_statements": 4, "percent_covered": 100.0, "percent_covered_display": "100.00", "missing_lines": 0, "excluded_lines": 0, "percent_statements_covered": 100.0, "percent_statements_covered_display": "100.00", "num_branches": 0, "num_partial_branches": 0, "covered_branches": 0, "missing_branches": 0, "percent_branches_covered": 100.0, "percent_branches_covered_display": "100.00"}, "missing_lines": [], "excluded_lines": [], "start_line": 1, "executed_branches": [], "missing_branches": []}}}, "app/analysis/fundamental/financial.py": {"executed_lines": [7, 9, 10, 12, 15, 91, 139, 186], "summary": {"covered_lines": 8, "num_statements": 112, "percent_covered": 4.705882352941177, "percent_covered_display": "4.71", "missing_lines": 104, "excluded_lines": 0, "percent_statements_covered": 7.142857142857143, "percent_statements_covered_display": "7.14", "num_branches": 58, "num_partial_branches": 0, "covered_branches": 0, "missing_branches": 58, "percent_branches_covered": 0.0, "percent_branches_covered_display": "0.00"}, "missing_lines": [25, 26, 28, 29, 32, 33, 34, 35, 36, 37, 38, 39, 40, 41, 43, 44, 46, 49, 50, 51, 52, 54, 56, 59, 60, 61, 62, 63, 64, 65, 66, 67, 68, 70, 72, 75, 76, 77, 78, 79, 80, 81, 83, 84, 86, 88, 101, 102, 104, 105, 108, 109, 110, 111, 112, 113, 114, 115, 116, 117, 119, 120, 122, 123, 126, 127, 128, 129, 131, 132, 134, 136, 149, 150, 152, 153, 156, 157, 158, 159, 160, 161, 162, 164, 165, 167, 170, 171, 172, 173, 174, 175, 176, 178, 179, 181, 183, 196, 197, 204, 205, 206, 209, 213], "excluded_lines": [], "executed_branches": [], "missing_branches": [[25, 26], [25, 28], [32, 33], [32, 46], [33, 34], [33, 36], [36, 37], [36, 39], [39, 40], [39, 43], [49, 50], [49, 56], [50, 51], [50, 54], [59, 60], [59, 72], [60, 61], [60, 63], [63, 64], [63, 66], [66, 67], [66, 70], [75, 76], [75, 86], [76, 77], [76, 79], [79, 80], [79, 83], [101, 102], [101, 104], [108, 109], [108, 122], [109, 110], [109, 112], [112, 113], [112, 115], [115, 116], [115, 119], [126, 127], [126, 134], [127, 128], [127, 131], [149, 150], [149, 152], [156, 157], [156, 167], [157, 158], [157, 160], [160, 161], [160, 164], [170, 171], [170, 181], [171, 172], [171, 174], [174, 175], [174, 178], [196, 197], [196, 204]], "functions": {"analyze_profitability": {"executed_lines": [], "summary": {"covered_lines": 0, "num_statements": 46, "percent_covered": 0.0, "percent_covered_display": "0.00", "missing_lines": 46, "excluded_lines": 0, "percent_statements_covered": 0.0, "percent_statements_covered_display": "0.00", "num_branches": 28, "num_partial_branches": 0, "covered_branches": 0, "missing_branches": 28, "percent_branches_covered": 0.0, "percent_branches_covered_display": "0.00"}, "missing_lines": [25, 26, 28, 29, 32, 33, 34, 35, 36, 37, 38, 39, 40, 41, 43, 44, 46, 49, 50, 51, 52, 54, 56, 59, 60, 61, 62, 63, 64, 65, 66, 67, 68, 70, 72, 75, 76, 77, 78, 79, 80, 81, 83, 84, 86, 88], "excluded_lines": [], "start_line": 15, "executed_branches": [], "missing_branches": [[25, 26], [25, 28], [32, 33], [32, 46], [33, 34], [33, 36], [36, 37], [36, 39], [39, 40], [39, 43], [49, 50], [49, 56], [50, 51], [50, 54], [59, 60], [59, 72], [60, 61], [60, 63], [63, 64], [63, 66], [66, 67], [66, 70], [75, 76], [75, 86], [76, 77], [76, 79], [79, 80], [79, 83]]}, "analyze_solvency": {"executed_lines": [], "summary": {"covered_lines": 0, "num_statements": 26, "percent_covered": 0.0, "percent_covered_display": "0.00", "missing_lines": 26, "excluded_lines": 0, "percent_statements_covered": 0.0, "percent_statements_covered_display": "0.00", "num_branches": 14, "num_partial_branches": 0, "covered_branches": 0, "missing_branches": 14, "percent_branches_covered": 0.0, "percent_branches_covered_display": "0.00"}, "missing_lines": [101, 102, 104, 105, 108, 109, 110, 111, 112, 113, 114, 115, 116, 117, 119, 120, 122, 123, 126, 127, 128, 129, 131, 132, 134, 136], "excluded_lines": [], "start_line": 91, "executed_branches": [], "missing_branches": [[101, 102], [101, 104], [108, 109], [108, 122], [109, 110], [109, 112], [112, 113], [112, 115], [115, 116], [115, 119], [126, 127], [126, 134], [127, 128], [127, 131]]}, "analyze_growth": {"executed_lines": [], "summary": {"covered_lines": 0, "num_statements": 25, "percent_covered": 0.0, "percent_covered_display": "0.00", "missing_lines": 25, "excluded_lines": 0, "percent_statements_covered": 0.0, "percent_statements_covered_display": "0.00", "num_branches": 14, "num_partial_branches": 0, "covered_branches": 0, "missing_branches": 14, "percent_branches_covered": 0.0, "percent_branches_covered_display": "0.00"}, "missing_lines": [149, 150, 152, 153, 156, 157, 158, 159, 160, 161, 162, 164, 165, 167, 170, 171, 172, 173, 174, 175, 176, 178, 179, 181, 183], "excluded_lines": [], "start_line": 139, "executed_branches": [], "missing_branches": [[149, 150], [149, 152], [156, 157], [156, 167], [157, 158], [157, 160], [160, 161], [160, 164], [170, 171], [170, 181], [171, 172], [171, 174], [174, 175], [174, 178]]}, "calculate_financial_score": {"executed_lines": [], "summary": {"covered_lines": 0, "num_statements": 7, "percent_covered": 0.0, "percent_covered_display": "0.00", "missing_lines": 7, "excluded_lines": 0, "percent_statements_covered": 0.0, "percent_statements_covered_display": "0.00", "num_branches": 2, "num_partial_branches": 0, "covered_branches": 0, "missing_branches": 2, "percent_branches_covered": 0.0, "percent_branches_covered_display": "0.00"}, "missing_lines": [196, 197, 204, 205, 206, 209, 213], "excluded_lines": [], "start_line": 186, "executed_branches": [], "missing_branches": [[196, 197], [196, 204]]}, "": {"executed_lines": [7, 9, 10, 12, 15, 91, 139, 186], "summary": {"covered_lines": 8, "num_statements": 8, "percent_covered": 100.0, "percent_covered_display": "100.00", "missing_lines": 0, "excluded_lines": 0, "percent_statements_covered": 100.0, "percent_statements_covered_display": "100.00", "num_branches": 0, "num_partial_branches": 0, "covered_branches": 0, "missing_branches": 0, "percent_branches_covered": 100.0, "percent_branches_covered_display": "100.00"}, "missing_lines": [], "excluded_lines": [], "start_line": 1, "executed_branches": [], "missing_branches": []}}, "classes": {"": {"executed_lines": [7, 9, 10, 12, 15, 91, 139, 186], "summary": {"covered_lines": 8, "num_statements": 112, "percent_covered": 4.705882352941177, "percent_covered_display": "4.71", "missing_lines": 104, "excluded_lines": 0, "percent_statements_covered": 7.142857142857143, "percent_statements_covered_display": "7.14", "num_branches": 58, "num_partial_branches": 0, "covered_branches": 0, "missing_branches": 58, "percent_branches_covered": 0.0, "percent_branches_covered_display": "0.00"}, "missing_lines": [25, 26, 28, 29, 32, 33, 34, 35, 36, 37, 38, 39, 40, 41, 43, 44, 46, 49, 50, 51, 52, 54, 56, 59, 60, 61, 62, 63, 64, 65, 66, 67, 68, 70, 72, 75, 76, 77, 78, 79, 80, 81, 83, 84, 86, 88, 101, 102, 104, 105, 108, 109, 110, 111, 112, 113, 114, 115, 116, 117, 119, 120, 122, 123, 126, 127, 128, 129, 131, 132, 134, 136, 149, 150, 152, 153, 156, 157, 158, 159, 160, 161, 162, 164, 165, 167, 170, 171, 172, 173, 174, 175, 176, 178, 179, 181, 183, 196, 197, 204, 205, 206, 209, 213], "excluded_lines": [], "start_line": 1, "executed_branches": [], "missing_branches": [[25, 26], [25, 28], [32, 33], [32, 46], [33, 34], [33, 36], [36, 37], [36, 39], [39, 40], [39, 43], [49, 50], [49, 56], [50, 51], [50, 54], [59, 60], [59, 72], [60, 61], [60, 63], [63, 64], [63, 66], [66, 67], [66, 70], [75, 76], [75, 86], [76, 77], [76, 79], [79, 80], [79, 83], [101, 102], [101, 104], [108, 109], [108, 122], [109, 110], [109, 112], [112, 113], [112, 115], [115, 116], [115, 119], [126, 127], [126, 134], [127, 128], [127, 131], [149, 150], [149, 152], [156, 157], [156, 167], [157, 158], [157, 160], [160, 161], [160, 164], [170, 171], [170, 181], [171, 172], [171, 174], [174, 175], [174, 178], [196, 197], [196, 204]]}}}, "app/analysis/fundamental/industry.py": {"executed_lines": [16, 18, 20, 24, 35, 70, 124], "summary": {"covered_lines": 7, "num_statements": 41, "percent_covered": 11.864406779661017, "percent_covered_display": "11.86", "missing_lines": 34, "excluded_lines": 0, "percent_statements_covered": 17.073170731707318, "percent_statements_covered_display": "17.07", "num_branches": 18, "num_partial_branches": 0, "covered_branches": 0, "missing_branches": 18, "percent_branches_covered": 0.0, "percent_branches_covered_display": "0.00"}, "missing_lines": [45, 46, 49, 59, 60, 62, 63, 64, 65, 67, 84, 85, 88, 89, 92, 93, 94, 95, 96, 97, 98, 99, 100, 101, 103, 104, 106, 110, 119, 121, 138, 141, 142, 144], "excluded_lines": [], "executed_branches": [], "missing_branches": [[45, 46], [45, 49], [59, 60], [59, 62], [62, 63], [62, 67], [63, 62], [63, 64], [64, 63], [64, 65], [92, 93], [92, 106], [93, 94], [93, 96], [96, 97], [96, 99], [99, 100], [99, 103]], "functions": {"get_industry_category": {"executed_lines": [], "summary": {"covered_lines": 0, "num_statements": 10, "percent_covered": 0.0, "percent_covered_display": "0.00", "missing_lines": 10, "excluded_lines": 0, "percent_statements_covered": 0.0, "percent_statements_covered_display": "0.00", "num_branches": 10, "num_partial_branches": 0, "covered_branches": 0, "missing_branches": 10, "percent_branches_covered": 0.0, "percent_branches_covered_display": "0.00"}, "missing_lines": [45, 46, 49, 59, 60, 62, 63, 64, 65, 67], "excluded_lines": [], "start_line": 35, "executed_branches": [], "missing_branches": [[45, 46], [45, 49], [59, 60], [59, 62], [62, 63], [62, 67], [63, 62], [63, 64], [64, 63], [64, 65]]}, "analyze_industry_position": {"executed_lines": [], "summary": {"covered_lines": 0, "num_statements": 20, "percent_covered": 0.0, "percent_covered_display": "0.00", "missing_lines": 20, "excluded_lines": 0, "percent_statements_covered": 0.0, "percent_statements_covered_display": "0.00", "num_branches": 8, "num_partial_branches": 0, "covered_branches": 0, "missing_branches": 8, "percent_branches_covered": 0.0, "percent_branches_covered_display": "0.00"}, "missing_lines": [84, 85, 88, 89, 92, 93, 94, 95, 96, 97, 98, 99, 100, 101, 103, 104, 106, 110, 119, 121], "excluded_lines": [], "start_line": 70, "executed_branches": [], "missing_branches": [[92, 93], [92, 106], [93, 94], [93, 96], [96, 97], [96, 99], [99, 100], [99, 103]]}, "calculate_industry_score": {"executed_lines": [], "summary": {"covered_lines": 0, "num_statements": 4, "percent_covered": 0.0, "percent_covered_display": "0.00", "missing_lines": 4, "excluded_lines": 0, "percent_statements_covered": 0.0, "percent_statements_covered_display": "0.00", "num_branches": 0, "num_partial_branches": 0, "covered_branches": 0, "missing_branches": 0, "percent_branches_covered": 100.0, "percent_branches_covered_display": "100.00"}, "missing_lines": [138, 141, 142, 144], "excluded_lines": [], "start_line": 124, "executed_branches": [], "missing_branches": []}, "": {"executed_lines": [16, 18, 20, 24, 35, 70, 124], "summary": {"covered_lines": 7, "num_statements": 7, "percent_covered": 100.0, "percent_covered_display": "100.00", "missing_lines": 0, "excluded_lines": 0, "percent_statements_covered": 100.0, "percent_statements_covered_display": "100.00", "num_branches": 0, "num_partial_branches": 0, "covered_branches": 0, "missing_branches": 0, "percent_branches_covered": 100.0, "percent_branches_covered_display": "100.00"}, "missing_lines": [], "excluded_lines": [], "start_line": 1, "executed_branches": [], "missing_branches": []}}, "classes": {"": {"executed_lines": [16, 18, 20, 24, 35, 70, 124], "summary": {"covered_lines": 7, "num_statements": 41, "percent_covered": 11.864406779661017, "percent_covered_display": "11.86", "missing_lines": 34, "excluded_lines": 0, "percent_statements_covered": 17.073170731707318, "percent_statements_covered_display": "17.07", "num_branches": 18, "num_partial_branches": 0, "covered_branches": 0, "missing_branches": 18, "percent_branches_covered": 0.0, "percent_branches_covered_display": "0.00"}, "missing_lines": [45, 46, 49, 59, 60, 62, 63, 64, 65, 67, 84, 85, 88, 89, 92, 93, 94, 95, 96, 97, 98, 99, 100, 101, 103, 104, 106, 110, 119, 121, 138, 141, 142, 144], "excluded_lines": [], "start_line": 1, "executed_branches": [], "missing_branches": [[45, 46], [45, 49], [59, 60], [59, 62], [62, 63], [62, 67], [63, 62], [63, 64], [64, 63], [64, 65], [92, 93], [92, 106], [93, 94], [93, 96], [96, 97], [96, 99], [99, 100], [99, 103]]}}}, "app/analysis/fundamental/policy.py": {"executed_lines": [16, 18, 20, 24, 35, 64, 104], "summary": {"covered_lines": 7, "num_statements": 37, "percent_covered": 14.285714285714286, "percent_covered_display": "14.29", "missing_lines": 30, "excluded_lines": 0, "percent_statements_covered": 18.91891891891892, "percent_statements_covered_display": "18.92", "num_branches": 12, "num_partial_branches": 0, "covered_branches": 0, "missing_branches": 12, "percent_branches_covered": 0.0, "percent_branches_covered_display": "0.00"}, "missing_lines": [45, 46, 49, 50, 51, 52, 55, 56, 57, 58, 61, 78, 79, 82, 83, 86, 87, 88, 90, 91, 94, 95, 98, 99, 101, 118, 121, 123, 124, 126], "excluded_lines": [], "executed_branches": [], "missing_branches": [[45, 46], [45, 49], [50, 51], [50, 55], [51, 50], [51, 52], [56, 57], [56, 61], [57, 56], [57, 58], [86, 87], [86, 98]], "functions": {"get_policy_sensitivity": {"executed_lines": [], "summary": {"covered_lines": 0, "num_statements": 11, "percent_covered": 0.0, "percent_covered_display": "0.00", "missing_lines": 11, "excluded_lines": 0, "percent_statements_covered": 0.0, "percent_statements_covered_display": "0.00", "num_branches": 10, "num_partial_branches": 0, "covered_branches": 0, "missing_branches": 10, "percent_branches_covered": 0.0, "percent_branches_covered_display": "0.00"}, "missing_lines": [45, 46, 49, 50, 51, 52, 55, 56, 57, 58, 61], "excluded_lines": [], "start_line": 35, "executed_branches": [], "missing_branches": [[45, 46], [45, 49], [50, 51], [50, 55], [51, 50], [51, 52], [56, 57], [56, 61], [57, 56], [57, 58]]}, "analyze_policy_impact": {"executed_lines": [], "summary": {"covered_lines": 0, "num_statements": 14, "percent_covered": 0.0, "percent_covered_display": "0.00", "missing_lines": 14, "excluded_lines": 0, "percent_statements_covered": 0.0, "percent_statements_covered_display": "0.00", "num_branches": 2, "num_partial_branches": 0, "covered_branches": 0, "missing_branches": 2, "percent_branches_covered": 0.0, "percent_branches_covered_display": "0.00"}, "missing_lines": [78, 79, 82, 83, 86, 87, 88, 90, 91, 94, 95, 98, 99, 101], "excluded_lines": [], "start_line": 64, "executed_branches": [], "missing_branches": [[86, 87], [86, 98]]}, "calculate_policy_score": {"executed_lines": [], "summary": {"covered_lines": 0, "num_statements": 5, "percent_covered": 0.0, "percent_covered_display": "0.00", "missing_lines": 5, "excluded_lines": 0, "percent_statements_covered": 0.0, "percent_statements_covered_display": "0.00", "num_branches": 0, "num_partial_branches": 0, "covered_branches": 0, "missing_branches": 0, "percent_branches_covered": 100.0, "percent_branches_covered_display": "100.00"}, "missing_lines": [118, 121, 123, 124, 126], "excluded_lines": [], "start_line": 104, "executed_branches": [], "missing_branches": []}, "": {"executed_lines": [16, 18, 20, 24, 35, 64, 104], "summary": {"covered_lines": 7, "num_statements": 7, "percent_covered": 100.0, "percent_covered_display": "100.00", "missing_lines": 0, "excluded_lines": 0, "percent_statements_covered": 100.0, "percent_statements_covered_display": "100.00", "num_branches": 0, "num_partial_branches": 0, "covered_branches": 0, "missing_branches": 0, "percent_branches_covered": 100.0, "percent_branches_covered_display": "100.00"}, "missing_lines": [], "excluded_lines": [], "start_line": 1, "executed_branches": [], "missing_branches": []}}, "classes": {"": {"executed_lines": [16, 18, 20, 24, 35, 64, 104], "summary": {"covered_lines": 7, "num_statements": 37, "percent_covered": 14.285714285714286, "percent_covered_display": "14.29", "missing_lines": 30, "excluded_lines": 0, "percent_statements_covered": 18.91891891891892, "percent_statements_covered_display": "18.92", "num_branches": 12, "num_partial_branches": 0, "covered_branches": 0, "missing_branches": 12, "percent_branches_covered": 0.0, "percent_branches_covered_display": "0.00"}, "missing_lines": [45, 46, 49, 50, 51, 52, 55, 56, 57, 58, 61, 78, 79, 82, 83, 86, 87, 88, 90, 91, 94, 95, 98, 99, 101, 118, 121, 123, 124, 126], "excluded_lines": [], "start_line": 1, "executed_branches": [], "missing_branches": [[45, 46], [45, 49], [50, 51], [50, 55], [51, 50], [51, 52], [56, 57], [56, 61], [57, 56], [57, 58], [86, 87], [86, 98]]}}}, "app/analysis/indicators/__init__.py": {"executed_lines": [7, 17, 25, 31, 44, 45, 46, 50, 60, 65, 74, 99, 113, 128], "summary": {"covered_lines": 14, "num_statements": 47, "percent_covered": 22.950819672131146, "percent_covered_display": "22.95", "missing_lines": 33, "excluded_lines": 0, "percent_statements_covered": 29.78723404255319, "percent_statements_covered_display": "29.79", "num_branches": 14, "num_partial_branches": 0, "covered_branches": 0, "missing_branches": 14, "percent_branches_covered": 0.0, "percent_branches_covered_display": "0.00"}, "missing_lines": [52, 53, 54, 56, 57, 62, 69, 76, 78, 80, 81, 83, 84, 85, 91, 92, 93, 94, 96, 101, 103, 105, 106, 108, 110, 115, 117, 118, 119, 120, 122, 123, 125], "excluded_lines": [], "executed_branches": [], "missing_branches": [[53, 54], [53, 56], [80, 81], [80, 83], [91, 92], [91, 93], [93, 94], [93, 96], [105, 106], [105, 108], [117, 118], [117, 119], [119, 120], [119, 122]], "functions": {"atr_percentage": {"executed_lines": [], "summary": {"covered_lines": 0, "num_statements": 5, "percent_covered": 0.0, "percent_covered_display": "0.00", "missing_lines": 5, "excluded_lines": 0, "percent_statements_covered": 0.0, "percent_statements_covered_display": "0.00", "num_branches": 2, "num_partial_branches": 0, "covered_branches": 0, "missing_branches": 2, "percent_branches_covered": 0.0, "percent_branches_covered_display": "0.00"}, "missing_lines": [52, 53, 54, 56, 57], "excluded_lines": [], "start_line": 50, "executed_branches": [], "missing_branches": [[53, 54], [53, 56]]}, "volatility": {"executed_lines": [], "summary": {"covered_lines": 0, "num_statements": 1, "percent_covered": 0.0, "percent_covered_display": "0.00", "missing_lines": 1, "excluded_lines": 0, "percent_statements_covered": 0.0, "percent_statements_covered_display": "0.00", "num_branches": 0, "num_partial_branches": 0, "covered_branches": 0, "missing_branches": 0, "percent_branches_covered": 100.0, "percent_branches_covered_display": "100.00"}, "missing_lines": [62], "excluded_lines": [], "start_line": 60, "executed_branches": [], "missing_branches": []}, "keltner_channels": {"executed_lin
[...]
[], "summary": {"covered_lines": 0, "num_statements": 5, "percent_covered": 0.0, "percent_covered_display": "0.00", "missing_lines": 5, "excluded_lines": 0, "percent_statements_covered": 0.0, "percent_statements_covered_display": "0.00", "num_branches": 2, "num_partial_branches": 0, "covered_branches": 0, "missing_branches": 2, "percent_branches_covered": 0.0, "percent_branches_covered_display": "0.00"}, "missing_lines": [47, 48, 49, 51, 52], "excluded_lines": [], "start_line": 33, "executed_branches": [], "missing_branches": [[48, 49], [48, 51]]}, "AccuracyCalculator.calculate_weighted_accuracy": {"executed_lines": [], "summary": {"covered_lines": 0, "num_statements": 11, "percent_covered": 0.0, "percent_covered_display": "0.00", "missing_lines": 11, "excluded_lines": 0, "percent_statements_covered": 0.0, "percent_statements_covered_display": "0.00", "num_branches": 6, "num_partial_branches": 0, "covered_branches": 0, "missing_branches": 6, "percent_branches_covered": 0.0, "percent_branches_covered_display": "0.00"}, "missing_lines": [69, 70, 71, 73, 74, 76, 77, 78, 80, 81, 83], "excluded_lines": [], "start_line": 55, "executed_branches": [], "missing_branches": [[70, 71], [70, 73], [76, 77], [76, 83], [80, 76], [80, 81]]}, "AccuracyCalculator.calculate_by_direction": {"executed_lines": [], "summary": {"covered_lines": 0, "num_statements": 11, "percent_covered": 0.0, "percent_covered_display": "0.00", "missing_lines": 11, "excluded_lines": 0, "percent_statements_covered": 0.0, "percent_statements_covered_display": "0.00", "num_branches": 10, "num_partial_branches": 0, "covered_branches": 0, "missing_branches": 10, "percent_branches_covered": 0.0, "percent_branches_covered_display": "0.00"}, "missing_lines": [98, 102, 103, 104, 106, 107, 108, 111, 112, 113, 115], "excluded_lines": [], "start_line": 86, "executed_branches": [], "missing_branches": [[102, 103], [102, 111], [103, 104], [103, 106], [107, 102], [107, 108], [111, 112], [111, 115], [112, 111], [112, 113]]}, "AccuracyCalculator.calculate_stats": {"executed_lines": [], "summary": {"covered_lines": 0, "num_statements": 14, "percent_covered": 0.0, "percent_covered_display": "0.00", "missing_lines": 14, "excluded_lines": 0, "percent_statements_covered": 0.0, "percent_statements_covered_display": "0.00", "num_branches": 2, "num_partial_branches": 0, "covered_branches": 0, "missing_branches": 2, "percent_branches_covered": 0.0, "percent_branches_covered_display": "0.00"}, "missing_lines": [130, 131, 132, 144, 145, 146, 148, 149, 152, 153, 156, 161, 166, 172], "excluded_lines": [], "start_line": 118, "executed_branches": [], "missing_branches": [[131, 132], [131, 144]]}, "AccuracyCalculator.calculate_time_series_accuracy": {"executed_lines": [], "summary": {"covered_lines": 0, "num_statements": 16, "percent_covered": 0.0, "percent_covered_display": "0.00", "missing_lines": 16, "excluded_lines": 0, "percent_statements_covered": 0.0, "percent_statements_covered_display": "0.00", "num_branches": 10, "num_partial_branches": 0, "covered_branches": 0, "missing_branches": 10, "percent_branches_covered": 0.0, "percent_branches_covered_display": "0.00"}, "missing_lines": [199, 200, 203, 205, 206, 207, 208, 211, 212, 213, 218, 219, 221, 222, 224, 231], "excluded_lines": [], "start_line": 185, "executed_branches": [], "missing_branches": [[199, 200], [199, 203], [205, 206], [205, 211], [206, 205], [206, 207], [212, 213], [212, 231], [218, 219], [218, 221]]}, "AccuracyRanker.rank_by_stock": {"executed_lines": [], "summary": {"covered_lines": 0, "num_statements": 14, "percent_covered": 0.0, "percent_covered_display": "0.00", "missing_lines": 14, "excluded_lines": 0, "percent_statements_covered": 0.0, "percent_statements_covered_display": "0.00", "num_branches": 6, "num_partial_branches": 0, "covered_branches": 0, "missing_branches": 6, "percent_branches_covered": 0.0, "percent_branches_covered_display": "0.00"}, "missing_lines": [257, 258, 259, 262, 263, 264, 269, 270, 272, 273, 275, 277, 286, 288], "excluded_lines": [], "start_line": 242, "executed_branches": [], "missing_branches": [[258, 259], [258, 262], [263, 264], [263, 286], [269, 270], [269, 272]]}, "AccuracyRanker.rank_by_strategy": {"executed_lines": [], "summary": {"covered_lines": 0, "num_statements": 14, "percent_covered": 0.0, "percent_covered_display": "0.00", "missing_lines": 14, "excluded_lines": 0, "percent_statements_covered": 0.0, "percent_statements_covered_display": "0.00", "num_branches": 8, "num_partial_branches": 0, "covered_branches": 0, "missing_branches": 8, "percent_branches_covered": 0.0, "percent_branches_covered_display": "0.00"}, "missing_lines": [306, 307, 308, 309, 312, 313, 314, 319, 320, 322, 323, 325, 333, 335], "excluded_lines": [], "start_line": 291, "executed_branches": [], "missing_branches": [[307, 308], [307, 312], [308, 307], [308, 309], [313, 314], [313, 333], [319, 320], [319, 322]]}, "AccuracyRanker.rank_by_period": {"executed_lines": [], "summary": {"covered_lines": 0, "num_statements": 4, "percent_covered": 0.0, "percent_covered_display": "0.00", "missing_lines": 4, "excluded_lines": 0, "percent_statements_covered": 0.0, "percent_statements_covered_display": "0.00", "num_branches": 0, "num_partial_branches": 0, "covered_branches": 0, "missing_branches": 0, "percent_branches_covered": 100.0, "percent_branches_covered_display": "100.00"}, "missing_lines": [352, 354, 359, 361], "excluded_lines": [], "start_line": 338, "executed_branches": [], "missing_branches": []}, "": {"executed_lines": [7, 9, 10, 11, 13, 15, 22, 25, 32, 33, 54, 55, 85, 86, 117, 118, 184, 185, 234, 241, 242, 290, 291, 337, 338], "summary": {"covered_lines": 25, "num_statements": 25, "percent_covered": 100.0, "percent_covered_display": "100.00", "missing_lines": 0, "excluded_lines": 0, "percent_statements_covered": 100.0, "percent_statements_covered_display": "100.00", "num_branches": 0, "num_partial_branches": 0, "covered_branches": 0, "missing_branches": 0, "percent_branches_covered": 100.0, "percent_branches_covered_display": "100.00"}, "missing_lines": [], "excluded_lines": [], "start_line": 1, "executed_branches": [], "missing_branches": []}}, "classes": {"AccuracyCalculator": {"executed_lines": [], "summary": {"covered_lines": 0, "num_statements": 57, "percent_covered": 0.0, "percent_covered_display": "0.00", "missing_lines": 57, "excluded_lines": 0, "percent_statements_covered": 0.0, "percent_statements_covered_display": "0.00", "num_branches": 30, "num_partial_branches": 0, "covered_branches": 0, "missing_branches": 30, "percent_branches_covered": 0.0, "percent_branches_covered_display": "0.00"}, "missing_lines": [47, 48, 49, 51, 52, 69, 70, 71, 73, 74, 76, 77, 78, 80, 81, 83, 98, 102, 103, 104, 106, 107, 108, 111, 112, 113, 115, 130, 131, 132, 144, 145, 146, 148, 149, 152, 153, 156, 161, 166, 172, 199, 200, 203, 205, 206, 207, 208, 211, 212, 213, 218, 219, 221, 222, 224, 231], "excluded_lines": [], "start_line": 25, "executed_branches": [], "missing_branches": [[48, 49], [48, 51], [70, 71], [70, 73], [76, 77], [76, 83], [80, 76], [80, 81], [102, 103], [102, 111], [103, 104], [103, 106], [107, 102], [107, 108], [111, 112], [111, 115], [112, 111], [112, 113], [131, 132], [131, 144], [199, 200], [199, 203], [205, 206], [205, 211], [206, 205], [206, 207], [212, 213], [212, 231], [218, 219], [218, 221]]}, "AccuracyRanker": {"executed_lines": [], "summary": {"covered_lines": 0, "num_statements": 32, "percent_covered": 0.0, "percent_covered_display": "0.00", "missing_lines": 32, "excluded_lines": 0, "percent_statements_covered": 0.0, "percent_statements_covered_display": "0.00", "num_branches": 14, "num_partial_branches": 0, "covered_branches": 0, "missing_branches": 14, "percent_branches_covered": 0.0, "percent_branches_covered_display": "0.00"}, "missing_lines": [257, 258, 259, 262, 263, 264, 269, 270, 272, 273, 275, 277, 286, 288, 306, 307, 308, 309, 312, 313, 314, 319, 320, 322, 323, 325, 333, 335, 352, 354, 359, 361], "excluded_lines": [], "start_line": 234, "executed_branches": [], "missing_branches": [[258, 259], [258, 262], [263, 264], [263, 286], [269, 270], [269, 272], [307, 308], [307, 312], [308, 307], [308, 309], [313, 314], [313, 333], [319, 320], [319, 322]]}, "": {"executed_lines": [7, 9, 10, 11, 13, 15, 22, 25, 32, 33, 54, 55, 85, 86, 117, 118, 184, 185, 234, 241, 242, 290, 291, 337, 338], "summary": {"covered_lines": 25, "num_statements": 25, "percent_covered": 100.0, "percent_covered_display": "100.00", "missing_lines": 0, "excluded_lines": 0, "percent_statements_covered": 100.0, "percent_statements_covered_display": "100.00", "num_branches": 0, "num_partial_branches": 0, "covered_branches": 0, "missing_branches": 0, "percent_branches_covered": 100.0, "percent_branches_covered_display": "100.00"}, "missing_lines": [], "excluded_lines": [], "start_line": 1, "executed_branches": [], "missing_branches": []}}}, "framework/prediction/store.py": {"executed_lines": [7, 9, 10, 12, 14, 22, 25, 33, 38, 81, 93, 126, 142, 180, 197, 220, 252, 277, 280], "summary": {"covered_lines": 19, "num_statements": 78, "percent_covered": 17.92452830188679, "percent_covered_display": "17.92", "missing_lines": 59, "excluded_lines": 0, "percent_statements_covered": 24.358974358974358, "percent_statements_covered_display": "24.36", "num_branches": 28, "num_partial_branches": 0, "covered_branches": 0, "missing_branches": 28, "percent_branches_covered": 0.0, "percent_branches_covered_display": "0.00"}, "missing_lines": [35, 36, 48, 49, 51, 70, 72, 79, 91, 108, 109, 110, 113, 114, 115, 116, 117, 118, 120, 122, 124, 136, 137, 138, 139, 140, 163, 166, 167, 168, 169, 170, 171, 172, 173, 176, 178, 190, 192, 212, 214, 215, 217, 218, 237, 238, 239, 241, 243, 250, 267, 268, 269, 270, 272, 273, 283, 284, 285], "excluded_lines": [], "executed_branches": [], "missing_branches": [[109, 110], [109, 113], [113, 114], [113, 115], [115, 116], [115, 117], [117, 118], [117, 120], [136, 137], [136, 140], [166, 167], [166, 168], [168, 169], [168, 170], [170, 171], [170, 172], [172, 173], [172, 176], [214, 215], [214, 217], [238, 239], [238, 241], [268, 269], [268, 272], [269, 268], [269, 270], [283, 284], [283, 285]], "functions": {"PredictionStore.__init__": {"executed_lines": [], "summary": {"covered_lines": 0, "num_statements": 2, "percent_covered": 0.0, "percent_covered_display": "0.00", "missing_lines": 2, "excluded_lines": 0, "percent_statements_covered": 0.0, "percent_statements_covered_display": "0.00", "num_branches": 0, "num_partial_branches": 0, "covered_branches": 0, "missing_branches": 0, "percent_branches_covered": 100.0, "percent_branches_covered_display": "100.00"}, "missing_lines": [35, 36], "excluded_lines": [], "start_line": 33, "executed_branches": [], "missing_branches": []}, "PredictionStore.create": {"executed_lines": [], "summary": {"covered_lines": 0, "num_statements": 6, "percent_covered": 0.0, "percent_covered_display": "0.00", "missing_lines": 6, "excluded_lines": 0, "percent_statements_covered": 0.0, "percent_statements_covered_display": "0.00", "num_branches": 0, "num_partial_branches": 0, "covered_branches": 0, "missing_branches": 0, "percent_branches_covered": 100.0, "percent_branches_covered_display": "100.00"}, "missing_lines": [48, 49, 51, 70, 72, 79], "excluded_lines": [], "start_line": 38, "executed_branches": [], "missing_branches": []}, "PredictionStore.get": {"executed_lines": [], "summary": {"covered_lines": 0, "num_statements": 1, "percent_covered": 0.0, "percent_covered_display": "0.00", "missing_lines": 1, "excluded_lines": 0, "percent_statements_covered": 0.0, "percent_statements_covered_display": "0.00", "num_branches": 0, "num_partial_branches": 0, "covered_branches": 0, "missing_branches": 0, "percent_branches_covered": 100.0, "percent_branches_covered_display": "100.00"}, "missing_lines": [91], "excluded_lines": [], "start_line": 81, "executed_branches": [], "missing_branches": []}, "PredictionStore.update": {"executed_lines": [], "summary": {"covered_lines": 0, "num_statements": 12, "percent_covered": 0.0, "percent_covered_display": "0.00", "missing_lines": 12, "excluded_lines": 0, "percent_statements_covered": 0.0, "percent_statements_covered_display": "0.00", "num_branches": 8, "num_partial_branches": 0, "covered_branches": 0, "missing_branches": 8, "percent_branches_covered": 0.0, "percent_branches_covered_display": "0.00"}, "missing_lines": [108, 109, 110, 113, 114, 115, 116, 117, 118, 120, 122, 124], "excluded_lines": [], "start_line": 93, "executed_branches": [], "missing_branches": [[109, 110], [109, 113], [113, 114], [113, 115], [115, 116], [115, 117], [117, 118], [117, 120]]}, "PredictionStore.delete": {"executed_lines": [], "summary": {"covered_lines": 0, "num_statements": 5, "percent_covered": 0.0, "percent_covered_display": "0.00", "missing_lines": 5, "excluded_lines": 0, "percent_statements_covered": 0.0, "percent_statements_covered_display": "0.00", "num_branches": 2, "num_partial_branches": 0, "covered_branches": 0, "missing_branches": 2, "percent_branches_covered": 0.0, "percent_branches_covered_display": "0.00"}, "missing_lines": [136, 137, 138, 139, 140], "excluded_lines": [], "start_line": 126, "executed_branches": [], "missing_branches": [[136, 137], [136, 140]]}, "PredictionStore.get_all": {"executed_lines": [], "summary": {"covered_lines": 0, "num_statements": 11, "percent_covered": 0.0, "percent_covered_display": "0.00", "missing_lines": 11, "excluded_lines": 0, "percent_statements_covered": 0.0, "percent_statements_covered_display": "0.00", "num_branches": 8, "num_partial_branches": 0, "covered_branches": 0, "missing_branches": 8, "percent_branches_covered": 0.0, "percent_branches_covered_display": "0.00"}, "missing_lines": [163, 166, 167, 168, 169, 170, 171, 172, 173, 176, 178], "excluded_lines": [], "start_line": 142, "executed_branches": [], "missing_branches": [[166, 167], [166, 168], [168, 169], [168, 170], [170, 171], [170, 172], [172, 173], [172, 176]]}, "PredictionStore.get_pending_verifications": {"executed_lines": [], "summary": {"covered_lines": 0, "num_statements": 2, "percent_covered": 0.0, "percent_covered_display": "0.00", "missing_lines": 2, "excluded_lines": 0, "percent_statements_covered": 0.0, "percent_statements_covered_display": "0.00", "num_branches": 0, "num_partial_branches": 0, "covered_branches": 0, "missing_branches": 0, "percent_branches_covered": 100.0, "percent_branches_covered_display": "100.00"}, "missing_lines": [190, 192], "excluded_lines": [], "start_line": 180, "executed_branches": [], "missing_branches": []}, "PredictionStore.get_stats": {"executed_lines": [], "summary": {"covered_lines": 0, "num_statements": 5, "percent_covered": 0.0, "percent_covered_display": "0.00", "missing_lines": 5, "excluded_lines": 0, "percent_statements_covered": 0.0, "percent_statements_covered_display": "0.00", "num_branches": 2, "num_partial_branches": 0, "covered_branches": 0, "missing_branches": 2, "percent_branches_covered": 0.0, "percent_branches_covered_display": "0.00"}, "missing_lines": [212, 214, 215, 217, 218], "excluded_lines": [], "start_line": 197, "executed_branches": [], "missing_branches": [[214, 215], [214, 217]]}, "PredictionStore.verify_prediction": {"executed_lines": [], "summary": {"covered_lines": 0, "num_statements": 6, "percent_covered": 0.0, "percent_covered_display": "0.00", "missing_lines": 6, "excluded_lines": 0, "percent_statements_covered": 0.0, "percent_statements_covered_display": "0.00", "num_branches": 2, "num_partial_branches": 0, "covered_branches": 0, "missing_branches": 2, "percent_branches_covered": 0.0, "percent_branches_covered_display": "0.00"}, "missing_lines": [237, 238, 239, 241, 243, 250], "excluded_lines": [], "start_line": 220, "executed_branches": [], "missing_branches": [[238, 239], [238, 241]]}, "PredictionStore.bulk_verify": {"executed_lines": [], "summary": {"covered_lines": 0, "num_statements": 6, "percent_covered": 0.0, "percent_covered_display": "0.00", "missing_lines": 6, "excluded_lines": 0, "percent_statements_covered": 0.0, "percent_statements_covered_display": "0.00", "num_branches": 4, "num_partial_branches": 0, "covered_branches": 0, "missing_branches": 4, "percent_branches_covered": 0.0, "percent_branches_covered_display": "0.00"}, "missing_lines": [267, 268, 269, 270, 272, 273], "excluded_lines": [], "start_line": 252, "executed_branches": [], "missing_branches": [[268, 269], [268, 272], [269, 268], [269, 270]]}, "get_prediction_store": {"executed_lines": [], "summary": {"covered_lines": 0, "num_statements": 3, "percent_covered": 0.0, "percent_covered_display": "0.00", "missing_lines": 3, "excluded_lines": 0, "percent_statements_covered": 0.0, "percent_statements_covered_display": "0.00", "num_branches": 2, "num_partial_branches": 0, "covered_branches": 0, "missing_branches": 2, "percent_branches_covered": 0.0, "percent_branches_covered_display": "0.00"}, "missing_lines": [283, 284, 285], "excluded_lines": [], "start_line": 280, "executed_branches": [], "missing_branches": [[283, 284], [283, 285]]}, "": {"executed_lines": [7, 9, 10, 12, 14, 22, 25, 33, 38, 81, 93, 126, 142, 180, 197, 220, 252, 277, 280], "summary": {"covered_lines": 19, "num_statements": 19, "percent_covered": 100.0, "percent_covered_display": "100.00", "missing_lines": 0, "excluded_lines": 0, "percent_statements_covered": 100.0, "percent_statements_covered_display": "100.00", "num_branches": 0, "num_partial_branches": 0, "covered_branches": 0, "missing_branches": 0, "percent_branches_covered": 100.0, "percent_branches_covered_display": "100.00"}, "missing_lines": [], "excluded_lines": [], "start_line": 1, "executed_branches": [], "missing_branches": []}}, "classes": {"PredictionStore": {"executed_lines": [], "summary": {"covered_lines": 0, "num_statements": 56, "percent_covered": 0.0, "percent_covered_display": "0.00", "missing_lines": 56, "excluded_lines": 0, "percent_statements_covered": 0.0, "percent_statements_covered_display": "0.00", "num_branches": 26, "num_partial_branches": 0, "covered_branches": 0, "missing_branches": 26, "percent_branches_covered": 0.0, "percent_branches_covered_display": "0.00"}, "missing_lines": [35, 36, 48, 49, 51, 70, 72, 79, 91, 108, 109, 110, 113, 114, 115, 116, 117, 118, 120, 122, 124, 136, 137, 138, 139, 140, 163, 166, 167, 168, 169, 170, 171, 172, 173, 176, 178, 190, 192, 212, 214, 215, 217, 218, 237, 238, 239, 241, 243, 250, 267, 268, 269, 270, 272, 273], "excluded_lines": [], "start_line": 25, "executed_branches": [], "missing_branches": [[109, 110], [109, 113], [113, 114], [113, 115], [115, 116], [115, 117], [117, 118], [117, 120], [136, 137], [136, 140], [166, 167], [166, 168], [168, 169], [168, 170], [170, 171], [170, 172], [172, 173], [172, 176], [214, 215], [214, 217], [238, 239], [238, 241], [268, 269], [268, 272], [269, 268], [269, 270]]}, "": {"executed_lines": [7, 9, 10, 12, 14, 22, 25, 33, 38, 81, 93, 126, 142, 180, 197, 220, 252, 277, 280], "summary": {"covered_lines": 19, "num_statements": 22, "percent_covered": 79.16666666666667, "percent_covered_display": "79.17", "missing_lines": 3, "excluded_lines": 0, "percent_statements_covered": 86.36363636363636, "percent_statements_covered_display": "86.36", "num_branches": 2, "num_partial_branches": 0, "covered_branches": 0, "missing_branches": 2, "percent_branches_covered": 0.0, "percent_branches_covered_display": "0.00"}, "missing_lines": [283, 284, 285], "excluded_lines": [], "start_line": 1, "executed_branches": [], "missing_branches": [[283, 284], [283, 285]]}}}}, "totals": {"covered_lines": 1603, "num_statements": 5051, "percent_covered": 25.545469023729893, "percent_covered_display": "25.55", "missing_lines": 3448, "excluded_lines": 13, "percent_statements_covered": 31.736289843595326, "percent_statements_covered_display": "31.74", "num_branches": 1228, "num_partial_branches": 1, "covered_branches": 1, "missing_branches": 1227, "percent_branches_covered": 0.08143322475570032, "percent_branches_covered_display": "0.08"}}